#
# There is insufficient memory for the Java Runtime Environment to continue.
# Native memory allocation (malloc) failed to allocate 1608976 bytes. Error detail: Chunk::new
# Possible reasons:
#   The system is out of physical RAM or swap space
#   This process is running with CompressedOops enabled, and the Java Heap may be blocking the growth of the native heap
# Possible solutions:
#   Reduce memory load on the system
#   Increase physical memory or swap space
#   Check if swap backing store is full
#   Decrease Java heap size (-Xmx/-Xms)
#   Decrease number of Java threads
#   Decrease Java thread stack sizes (-Xss)
#   Set larger code cache with -XX:ReservedCodeCacheSize=
#   JVM is running with Unscaled Compressed Oops mode in which the Java heap is
#     placed in the first 4GB address space. The Java Heap base address is the
#     maximum limit for the native heap growth. Please use -XX:HeapBaseMinAddress
#     to set the Java Heap base and to place the Java Heap above 4GB virtual address.
# This output file may be truncated or incomplete.
#
#  Out of Memory Error (arena.cpp:168), pid=2744, tid=23024
#
# JRE version: OpenJDK Runtime Environment Temurin-21.0.10+7 (21.0.10+7) (build 21.0.10+7-LTS)
# Java VM: OpenJDK 64-Bit Server VM Temurin-21.0.10+7 (21.0.10+7-LTS, mixed mode, sharing, tiered, compressed oops, compressed class ptrs, parallel gc, windows-amd64)
# No core dump will be written. Minidumps are not enabled by default on client versions of Windows
#

---------------  S U M M A R Y ------------

Command Line: --add-modules=ALL-SYSTEM --add-opens=java.base/java.util=ALL-UNNAMED --add-opens=java.base/java.lang=ALL-UNNAMED --add-opens=java.base/sun.nio.fs=ALL-UNNAMED -Declipse.application=org.eclipse.jdt.ls.core.id1 -Dosgi.bundles.defaultStartLevel=4 -Declipse.product=org.eclipse.jdt.ls.core.product -Djava.import.generatesMetadataFilesAtProjectRoot=false -DDetectVMInstallationsJob.disabled=true -Dfile.encoding=utf8 -XX:+UseParallelGC -XX:GCTimeRatio=4 -XX:AdaptiveSizePolicyWeight=90 -Dsun.zip.disableMemoryMapping=true -Xmx2G -Xms100m -Xlog:disable -javaagent:c:\Users\Ammar\.vscode\extensions\redhat.java-1.54.0-win32-x64\lombok\lombok-1.18.39-4050.jar c:\Users\Ammar\.vscode\extensions\redhat.java-1.54.0-win32-x64\server\plugins\org.eclipse.equinox.launcher_1.7.100.v20251111-0406.jar -configuration c:\Users\Ammar\AppData\Roaming\Code\User\globalStorage\redhat.java\1.54.0\config_ss_win -data c:\Users\Ammar\AppData\Roaming\Code\User\workspaceStorage\4bf4e2a320b43b191503840b40d4f83c\redhat.java\ss_ws --pipe=\\.\pipe\lsp-fae8178c4eee8ba2bc2cfa3a37061e0e-sock

Host: 11th Gen Intel(R) Core(TM) i7-11800H @ 2.30GHz, 16 cores, 15G,  Windows 11 , 64 bit Build 26100 (10.0.26100.8328)
Time: Sun May  3 06:34:29 2026 Egypt Daylight Time elapsed time: 11.374922 seconds (0d 0h 0m 11s)

---------------  T H R E A D  ---------------

Current thread (0x000001b4091e51e0):  JavaThread "C2 CompilerThread3" daemon [_thread_in_native, id=23024, stack(0x00000098cef00000,0x00000098cf000000) (1024K)]


Current CompileTask:
C2:11374 6518       4       java.lang.reflect.Field::get (39 bytes)

Stack: [0x00000098cef00000,0x00000098cf000000]
Native frames: (J=compiled Java code, j=interpreted, Vv=VM code, C=native code)
V  [jvm.dll+0x6d7a39]
V  [jvm.dll+0x8b4b26]
V  [jvm.dll+0x8b70de]
V  [jvm.dll+0x8b77c3]
V  [jvm.dll+0x284346]
V  [jvm.dll+0xc66ed]
V  [jvm.dll+0xc6c31]
V  [jvm.dll+0x3bec01]
V  [jvm.dll+0x38b162]
V  [jvm.dll+0x38a5aa]
V  [jvm.dll+0x24c560]
V  [jvm.dll+0x24bb40]
V  [jvm.dll+0x1cb34e]
V  [jvm.dll+0x25b85d]
V  [jvm.dll+0x259dea]
V  [jvm.dll+0x3f857e]
V  [jvm.dll+0x85f59d]
V  [jvm.dll+0x6d626d]
C  [ucrtbase.dll+0x37b0]
C  [KERNEL32.DLL+0x2e957]
C  [ntdll.dll+0x427c]


---------------  P R O C E S S  ---------------

Threads class SMR info:
_java_thread_list=0x000001b407a576c0, length=68, elements={
0x000001b426ca5750, 0x000001b426c4e4e0, 0x000001b426d45470, 0x000001b426d4e010,
0x000001b426d4ee20, 0x000001b426d52150, 0x000001b426d54bc0, 0x000001b426d59000,
0x000001b47fa58500, 0x000001b47fc476e0, 0x000001b40135f370, 0x000001b4016d2360,
0x000001b401afa0f0, 0x000001b40646fcd0, 0x000001b4019aac00, 0x000001b4062d0f60,
0x000001b406182590, 0x000001b4065aaf60, 0x000001b4066bdee0, 0x000001b406780800,
0x000001b407f9d000, 0x000001b407f9d690, 0x000001b407f9dd20, 0x000001b407f9c970,
0x000001b40763ab50, 0x000001b40763b870, 0x000001b407639e30, 0x000001b40763a4c0,
0x000001b40763bf00, 0x000001b4076397a0, 0x000001b40763c590, 0x000001b40763b1e0,
0x000001b407639110, 0x000001b40763d940, 0x000001b40763ecf0, 0x000001b40763d2b0,
0x000001b40763dfd0, 0x000001b40763f380, 0x000001b40763e660, 0x000001b40763fa10,
0x000001b4076400a0, 0x000001b40763cc20, 0x000001b407640730, 0x000001b4087307e0,
0x000001b4091e51e0, 0x000001b4073792b0, 0x000001b40872fac0, 0x000001b408730150,
0x000001b40872f430, 0x000001b4087335d0, 0x000001b4087328b0, 0x000001b408731500,
0x000001b4087342f0, 0x000001b408733c60, 0x000001b408731b90, 0x000001b408734980,
0x000001b408735010, 0x000001b4087356a0, 0x000001b408735d30, 0x000001b4087363c0,
0x000001b408732f40, 0x000001b408736a50, 0x000001b4077b42f0, 0x000001b4077b3c60,
0x000001b407377770, 0x000001b4077b35d0, 0x000001b407379980, 0x000001b407378be0
}

Java Threads: ( => current thread )
  0x000001b426ca5750 JavaThread "main"                              [_thread_blocked, id=3904, stack(0x00000098cae00000,0x00000098caf00000) (1024K)]
  0x000001b426c4e4e0 JavaThread "Reference Handler"          daemon [_thread_blocked, id=29128, stack(0x00000098cb200000,0x00000098cb300000) (1024K)]
  0x000001b426d45470 JavaThread "Finalizer"                  daemon [_thread_blocked, id=28784, stack(0x00000098cb300000,0x00000098cb400000) (1024K)]
  0x000001b426d4e010 JavaThread "Signal Dispatcher"          daemon [_thread_blocked, id=32164, stack(0x00000098cb400000,0x00000098cb500000) (1024K)]
  0x000001b426d4ee20 JavaThread "Attach Listener"            daemon [_thread_blocked, id=26616, stack(0x00000098cb500000,0x00000098cb600000) (1024K)]
  0x000001b426d52150 JavaThread "Service Thread"             daemon [_thread_blocked, id=10564, stack(0x00000098cb600000,0x00000098cb700000) (1024K)]
  0x000001b426d54bc0 JavaThread "Monitor Deflation Thread"   daemon [_thread_blocked, id=31388, stack(0x00000098cb700000,0x00000098cb800000) (1024K)]
  0x000001b426d59000 JavaThread "C2 CompilerThread0"         daemon [_thread_blocked, id=27252, stack(0x00000098cb800000,0x00000098cb900000) (1024K)]
  0x000001b47fa58500 JavaThread "C1 CompilerThread0"         daemon [_thread_in_vm, id=22756, stack(0x00000098cb900000,0x00000098cba00000) (1024K)]
  0x000001b47fc476e0 JavaThread "Common-Cleaner"             daemon [_thread_blocked, id=25008, stack(0x00000098cbe00000,0x00000098cbf00000) (1024K)]
  0x000001b40135f370 JavaThread "Notification Thread"        daemon [_thread_blocked, id=2148, stack(0x00000098cc000000,0x00000098cc100000) (1024K)]
  0x000001b4016d2360 JavaThread "C2 CompilerThread1"         daemon [_thread_blocked, id=20888, stack(0x00000098cbc00000,0x00000098cbd00000) (1024K)]
  0x000001b401afa0f0 JavaThread "C2 CompilerThread2"         daemon [_thread_blocked, id=19680, stack(0x00000098cbd00000,0x00000098cbe00000) (1024K)]
  0x000001b40646fcd0 JavaThread "Active Thread: Equinox Container: 8e6ae774-630e-4030-acab-42fcb6ccff9c"        [_thread_blocked, id=11900, stack(0x00000098cc800000,0x00000098cc900000) (1024K)]
  0x000001b4019aac00 JavaThread "Framework Event Dispatcher: Equinox Container: 8e6ae774-630e-4030-acab-42fcb6ccff9c" daemon [_thread_blocked, id=22148, stack(0x00000098cca00000,0x00000098ccb00000) (1024K)]
  0x000001b4062d0f60 JavaThread "Start Level: Equinox Container: 8e6ae774-630e-4030-acab-42fcb6ccff9c" daemon [_thread_blocked, id=2240, stack(0x00000098ccb00000,0x00000098ccc00000) (1024K)]
  0x000001b406182590 JavaThread "SCR Component Actor"        daemon [_thread_blocked, id=2304, stack(0x00000098cc100000,0x00000098cc200000) (1024K)]
  0x000001b4065aaf60 JavaThread "Worker-JM"                         [_thread_blocked, id=1544, stack(0x00000098ccc00000,0x00000098ccd00000) (1024K)]
  0x000001b4066bdee0 JavaThread "Worker-0: Publish Diagnostics"        [_thread_in_vm, id=29564, stack(0x00000098ccf00000,0x00000098cd000000) (1024K)]
  0x000001b406780800 JavaThread "Worker-1: Building"                [_thread_in_vm, id=32152, stack(0x00000098cd000000,0x00000098cd100000) (1024K)]
  0x000001b407f9d000 JavaThread "JNA Cleaner"                daemon [_thread_blocked, id=31188, stack(0x00000098cd400000,0x00000098cd500000) (1024K)]
  0x000001b407f9d690 JavaThread "Thread-1"                   daemon [_thread_in_native, id=29868, stack(0x00000098cd800000,0x00000098cd900000) (1024K)]
  0x000001b407f9dd20 JavaThread "Thread-2"                   daemon [_thread_in_native, id=8528, stack(0x00000098cd900000,0x00000098cda00000) (1024K)]
  0x000001b407f9c970 JavaThread "Thread-3"                   daemon [_thread_in_native, id=9832, stack(0x00000098cda00000,0x00000098cdb00000) (1024K)]
  0x000001b40763ab50 JavaThread "Thread-4"                   daemon [_thread_in_native, id=26868, stack(0x00000098cdb00000,0x00000098cdc00000) (1024K)]
  0x000001b40763b870 JavaThread "Thread-5"                   daemon [_thread_in_native, id=19204, stack(0x00000098cdc00000,0x00000098cdd00000) (1024K)]
  0x000001b407639e30 JavaThread "Thread-6"                   daemon [_thread_in_native, id=17352, stack(0x00000098cdd00000,0x00000098cde00000) (1024K)]
  0x000001b40763a4c0 JavaThread "Thread-7"                   daemon [_thread_in_native, id=29024, stack(0x00000098cde00000,0x00000098cdf00000) (1024K)]
  0x000001b40763bf00 JavaThread "Thread-8"                   daemon [_thread_in_native, id=22448, stack(0x00000098cdf00000,0x00000098ce000000) (1024K)]
  0x000001b4076397a0 JavaThread "Thread-9"                   daemon [_thread_in_native, id=1628, stack(0x00000098ce000000,0x00000098ce100000) (1024K)]
  0x000001b40763c590 JavaThread "Thread-10"                  daemon [_thread_in_native, id=32668, stack(0x00000098ce100000,0x00000098ce200000) (1024K)]
  0x000001b40763b1e0 JavaThread "Thread-11"                  daemon [_thread_in_native, id=17336, stack(0x00000098ce200000,0x00000098ce300000) (1024K)]
  0x000001b407639110 JavaThread "Thread-12"                  daemon [_thread_in_native, id=31832, stack(0x00000098ce300000,0x00000098ce400000) (1024K)]
  0x000001b40763d940 JavaThread "Thread-13"                  daemon [_thread_in_native, id=3444, stack(0x00000098ce400000,0x00000098ce500000) (1024K)]
  0x000001b40763ecf0 JavaThread "Thread-14"                  daemon [_thread_in_native, id=29588, stack(0x00000098ce500000,0x00000098ce600000) (1024K)]
  0x000001b40763d2b0 JavaThread "Thread-15"                  daemon [_thread_in_native, id=13492, stack(0x00000098ce600000,0x00000098ce700000) (1024K)]
  0x000001b40763dfd0 JavaThread "Thread-16"                  daemon [_thread_in_native, id=2644, stack(0x00000098ce700000,0x00000098ce800000) (1024K)]
  0x000001b40763f380 JavaThread "Thread-17"                  daemon [_thread_in_native, id=28424, stack(0x00000098ce800000,0x00000098ce900000) (1024K)]
  0x000001b40763e660 JavaThread "pool-2-thread-1"                   [_thread_blocked, id=9840, stack(0x00000098ce900000,0x00000098cea00000) (1024K)]
  0x000001b40763fa10 JavaThread "WorkspaceEventsHandler"            [_thread_blocked, id=31776, stack(0x00000098cea00000,0x00000098ceb00000) (1024K)]
  0x000001b4076400a0 JavaThread "pool-1-thread-1"                   [_thread_blocked, id=31320, stack(0x00000098ceb00000,0x00000098cec00000) (1024K)]
  0x000001b40763cc20 JavaThread "ForkJoinPool.commonPool-worker-1" daemon [_thread_in_vm, id=7996, stack(0x00000098cec00000,0x00000098ced00000) (1024K)]
  0x000001b407640730 JavaThread "ForkJoinPool.commonPool-worker-2" daemon [_thread_blocked, id=30352, stack(0x00000098ced00000,0x00000098cee00000) (1024K)]
  0x000001b4087307e0 JavaThread "ForkJoinPool.commonPool-worker-3" daemon [_thread_blocked, id=30856, stack(0x00000098cee00000,0x00000098cef00000) (1024K)]
=>0x000001b4091e51e0 JavaThread "C2 CompilerThread3"         daemon [_thread_in_native, id=23024, stack(0x00000098cef00000,0x00000098cf000000) (1024K)]
  0x000001b4073792b0 JavaThread "C2 CompilerThread4"         daemon [_thread_blocked, id=31236, stack(0x00000098cf000000,0x00000098cf100000) (1024K)]
  0x000001b40872fac0 JavaThread "Worker-2"                          [_thread_blocked, id=31804, stack(0x00000098cf100000,0x00000098cf200000) (1024K)]
  0x000001b408730150 JavaThread "ForkJoinPool.commonPool-worker-4" daemon [_thread_blocked, id=32048, stack(0x00000098cf300000,0x00000098cf400000) (1024K)]
  0x000001b40872f430 JavaThread "ForkJoinPool.commonPool-worker-5" daemon [_thread_blocked, id=2840, stack(0x00000098cf400000,0x00000098cf500000) (1024K)]
  0x000001b4087335d0 JavaThread "Compiler Source File Reader" daemon [_thread_blocked, id=27884, stack(0x00000098cf200000,0x00000098cf300000) (1024K)]
  0x000001b4087328b0 JavaThread "Compiler Source File Reader" daemon [_thread_blocked, id=31668, stack(0x00000098cf500000,0x00000098cf600000) (1024K)]
  0x000001b408731500 JavaThread "Compiler Source File Reader" daemon [_thread_blocked, id=16392, stack(0x00000098cf600000,0x00000098cf700000) (1024K)]
  0x000001b4087342f0 JavaThread "Compiler Source File Reader" daemon [_thread_blocked, id=25760, stack(0x00000098cf700000,0x00000098cf800000) (1024K)]
  0x000001b408733c60 JavaThread "Compiler Source File Reader" daemon [_thread_blocked, id=23212, stack(0x00000098cf800000,0x00000098cf900000) (1024K)]
  0x000001b408731b90 JavaThread "Compiler Source File Reader" daemon [_thread_blocked, id=21156, stack(0x00000098cf900000,0x00000098cfa00000) (1024K)]
  0x000001b408734980 JavaThread "Compiler Source File Reader" daemon [_thread_blocked, id=5680, stack(0x00000098cfa00000,0x00000098cfb00000) (1024K)]
  0x000001b408735010 JavaThread "Compiler Source File Reader" daemon [_thread_blocked, id=8828, stack(0x00000098cfb00000,0x00000098cfc00000) (1024K)]
  0x000001b4087356a0 JavaThread "Compiler Source File Reader" daemon [_thread_blocked, id=29412, stack(0x00000098cfc00000,0x00000098cfd00000) (1024K)]
  0x000001b408735d30 JavaThread "Compiler Source File Reader" daemon [_thread_blocked, id=7076, stack(0x00000098cfd00000,0x00000098cfe00000) (1024K)]
  0x000001b4087363c0 JavaThread "Compiler Source File Reader" daemon [_thread_blocked, id=22996, stack(0x00000098cfe00000,0x00000098cff00000) (1024K)]
  0x000001b408732f40 JavaThread "Compiler Source File Reader" daemon [_thread_blocked, id=21016, stack(0x00000098cff00000,0x00000098d0000000) (1024K)]
  0x000001b408736a50 JavaThread "Compiler Source File Reader" daemon [_thread_blocked, id=15304, stack(0x00000098d0000000,0x00000098d0100000) (1024K)]
  0x000001b4077b42f0 JavaThread "Compiler Source File Reader" daemon [_thread_blocked, id=1788, stack(0x00000098d0100000,0x00000098d0200000) (1024K)]
  0x000001b4077b3c60 JavaThread "Compiler Processing Task"   daemon [_thread_in_vm, id=6408, stack(0x00000098d0200000,0x00000098d0300000) (1024K)]
  0x000001b407377770 JavaThread "C1 CompilerThread1"         daemon [_thread_in_vm, id=20008, stack(0x00000098cba00000,0x00000098cbb00000) (1024K)]
  0x000001b4077b35d0 JavaThread "Worker-3"                          [_thread_blocked, id=31872, stack(0x00000098cbb00000,0x00000098cbc00000) (1024K)]
  0x000001b407379980 JavaThread "C1 CompilerThread2"         daemon [_thread_in_vm, id=22236, stack(0x00000098cbf00000,0x00000098cc000000) (1024K)]
  0x000001b407378be0 JavaThread "C1 CompilerThread3"         daemon [_thread_in_vm, id=9900, stack(0x00000098d0300000,0x00000098d0400000) (1024K)]
Total: 68

Other Threads:
  0x000001b426c32d30 VMThread "VM Thread"                           [id=24840, stack(0x00000098cb100000,0x00000098cb200000) (1024K)] _threads_hazard_ptr=0x000001b407a576c0
  0x000001b426d115c0 WatcherThread "VM Periodic Task Thread"        [id=2508, stack(0x00000098cb000000,0x00000098cb100000) (1024K)]
  0x000001b426cc2e60 WorkerThread "GC Thread#0"                     [id=10688, stack(0x00000098caf00000,0x00000098cb000000) (1024K)]
  0x000001b4060aad10 WorkerThread "GC Thread#1"                     [id=14420, stack(0x00000098cc200000,0x00000098cc300000) (1024K)]
  0x000001b4060ab0c0 WorkerThread "GC Thread#2"                     [id=23472, stack(0x00000098cc300000,0x00000098cc400000) (1024K)]
  0x000001b4060ab470 WorkerThread "GC Thread#3"                     [id=10088, stack(0x00000098cc400000,0x00000098cc500000) (1024K)]
  0x000001b401705610 WorkerThread "GC Thread#4"                     [id=7568, stack(0x00000098cc500000,0x00000098cc600000) (1024K)]
  0x000001b4017059c0 WorkerThread "GC Thread#5"                     [id=31260, stack(0x00000098cc600000,0x00000098cc700000) (1024K)]
  0x000001b401705d70 WorkerThread "GC Thread#6"                     [id=4436, stack(0x00000098cc700000,0x00000098cc800000) (1024K)]
  0x000001b4063a3920 WorkerThread "GC Thread#7"                     [id=26368, stack(0x00000098cc900000,0x00000098cca00000) (1024K)]
  0x000001b40638c880 WorkerThread "GC Thread#8"                     [id=13468, stack(0x00000098ccd00000,0x00000098cce00000) (1024K)]
  0x000001b4062410a0 WorkerThread "GC Thread#9"                     [id=17496, stack(0x00000098cce00000,0x00000098ccf00000) (1024K)]
  0x000001b406733c00 WorkerThread "GC Thread#10"                    [id=12840, stack(0x00000098cd100000,0x00000098cd200000) (1024K)]
  0x000001b4067343c0 WorkerThread "GC Thread#11"                    [id=28408, stack(0x00000098cd200000,0x00000098cd300000) (1024K)]
  0x000001b406734770 WorkerThread "GC Thread#12"                    [id=28824, stack(0x00000098cd300000,0x00000098cd400000) (1024K)]
Total: 15

Threads with active compile tasks:
C2 CompilerThread0  11401 6556   !   4       org.eclipse.osgi.internal.loader.classpath.ClasspathManager::defineClass (636 bytes)
C1 CompilerThread0  11401 6694       3       org.eclipse.jdt.internal.compiler.lookup.SourceTypeBinding::typeVariables (38 bytes)
C2 CompilerThread1  11401 6655 % !   4       org.eclipse.jdt.internal.compiler.classfmt.ClassFileReader::<init> @ 81 (1968 bytes)
C2 CompilerThread3  11401 6518       4       java.lang.reflect.Field::get (39 bytes)
C1 CompilerThread1  11401 6687   !   3       org.eclipse.jdt.internal.compiler.lookup.BinaryTypeBinding::superclass (207 bytes)
C1 CompilerThread2  11401 6692       3       org.eclipse.jdt.internal.compiler.lookup.CompilationUnitScope::recordReference (20 bytes)
C1 CompilerThread3  11401 6693   !   3       org.eclipse.jdt.internal.compiler.lookup.BinaryTypeBinding::superInterfaces (286 bytes)
Total: 7

VM state: synchronizing (normal execution)

VM Mutex/Monitor currently owned by a thread:  ([mutex/lock_event])
[0x00007ffa3bc9c4e0] Metaspace_lock - owner thread: 0x000001b407378be0
[0x00007ffa3bc9e560] Threads_lock - owner thread: 0x000001b426c32d30

Heap address: 0x0000000080000000, size: 2048 MB, Compressed Oops mode: 32-bit

CDS archive(s) mapped at: [0x000001b43e000000-0x000001b43eba0000-0x000001b43eba0000), size 12189696, SharedBaseAddress: 0x000001b43e000000, ArchiveRelocationMode: 1.
Compressed class space mapped at: 0x000001b43f000000-0x000001b47f000000, reserved size: 1073741824
Narrow klass base: 0x000001b43e000000, Narrow klass shift: 0, Narrow klass range: 0x100000000

GC Precious Log:
 CardTable entry size: 512
 CPUs: 16 total, 16 available
 Memory: 16114M
 Large Page Support: Disabled
 NUMA Support: Disabled
 Compressed Oops: Enabled (32-bit)
 Alignments: Space 512K, Generation 512K, Heap 2M
 Heap Min Capacity: 100M
 Heap Initial Capacity: 100M
 Heap Max Capacity: 2G
 Pre-touch: Disabled
 Parallel Workers: 13

Heap:
 PSYoungGen      total 23040K, used 21290K [0x00000000d5580000, 0x00000000d6e00000, 0x0000000100000000)
  eden space 20992K, 92% used [0x00000000d5580000,0x00000000d688ebc0,0x00000000d6a00000)
  from space 2048K, 86% used [0x00000000d6a00000,0x00000000d6bbc010,0x00000000d6c00000)
  to   space 2048K, 0% used [0x00000000d6c00000,0x00000000d6c00000,0x00000000d6e00000)
 ParOldGen       total 68608K, used 31170K [0x0000000080000000, 0x0000000084300000, 0x00000000d5580000)
  object space 68608K, 45% used [0x0000000080000000,0x0000000081e709f8,0x0000000084300000)
 Metaspace       used 43835K, committed 44864K, reserved 1114112K
  class space    used 4426K, committed 4928K, reserved 1048576K

Card table byte_map: [0x000001b426640000,0x000001b426a50000] _byte_map_base: 0x000001b426240000

Marking Bits: (ParMarkBitMap*) 0x00007ffa3bca3450
 Begin Bits: [0x000001b439150000, 0x000001b43b150000)
 End Bits:   [0x000001b43b150000, 0x000001b43d150000)

Polling page: 0x000001b424d30000

Metaspace:

Usage:
  Non-class:     38.48 MB used.
      Class:      4.32 MB used.
       Both:     42.81 MB used.

Virtual space:
  Non-class space:       64.00 MB reserved,      39.00 MB ( 61%) committed,  1 nodes.
      Class space:        1.00 GB reserved,       4.81 MB ( <1%) committed,  1 nodes.
             Both:        1.06 GB reserved,      43.81 MB (  4%) committed. 

Chunk freelists:
   Non-Class:  8.67 MB
       Class:  11.23 MB
        Both:  19.90 MB

MaxMetaspaceSize: unlimited
CompressedClassSpaceSize: 1.00 GB
Initial GC threshold: 21.00 MB
Current GC threshold: 58.38 MB
CDS: on
 - commit_granule_bytes: 65536.
 - commit_granule_words: 8192.
 - virtual_space_node_default_size: 8388608.
 - enlarge_chunks_in_place: 1.
 - use_allocation_guard: 0.


Internal statistics:

num_allocs_failed_limit: 6.
num_arena_births: 892.
num_arena_deaths: 22.
num_vsnodes_births: 2.
num_vsnodes_deaths: 0.
num_space_committed: 701.
num_space_uncommitted: 0.
num_chunks_returned_to_freelist: 32.
num_chunks_taken_from_freelist: 2817.
num_chunk_merges: 14.
num_chunk_splits: 1747.
num_chunks_enlarged: 1034.
num_inconsistent_stats: 0.

CodeHeap 'non-profiled nmethods': size=119168Kb used=3817Kb max_used=3817Kb free=115350Kb
 bounds [0x000001b431a40000, 0x000001b431e00000, 0x000001b438ea0000]
CodeHeap 'profiled nmethods': size=119104Kb used=14130Kb max_used=14130Kb free=104974Kb
 bounds [0x000001b429ea0000, 0x000001b42ac70000, 0x000001b4312f0000]
CodeHeap 'non-nmethods': size=7488Kb used=3115Kb max_used=3174Kb free=4372Kb
 bounds [0x000001b4312f0000, 0x000001b431610000, 0x000001b431a40000]
CodeCache: size=245760Kb, used=21062Kb, max_used=21121Kb, free=224696Kb
 total_blobs=6978, nmethods=6249, adapters=632, full_count=0
Compilation: enabled, stopped_count=0, restarted_count=0

Compilation events (20 events):
Event: 10.356 Thread 0x000001b4073792b0 nmethod 6594 0x000001b431df5610 code [0x000001b431df5a00, 0x000001b431df6bf0]
Event: 10.356 Thread 0x000001b401afa0f0 nmethod 6672 0x000001b431df7c90 code [0x000001b431df7e40, 0x000001b431df81b0]
Event: 10.357 Thread 0x000001b401afa0f0 6657       4       org.eclipse.jdt.internal.core.util.HashSetOfArray::hashCode (35 bytes)
Event: 10.357 Thread 0x000001b4073792b0 6632       4       org.eclipse.jdt.internal.compiler.env.ITypeAnnotationWalker$1::toMethodParameter (2 bytes)
Event: 10.357 Thread 0x000001b4073792b0 nmethod 6632 0x000001b431df8390 code [0x000001b431df8520, 0x000001b431df85a8]
Event: 10.357 Thread 0x000001b4073792b0 6599       4       java.lang.StringConcatHelper::newString (67 bytes)
Event: 10.358 Thread 0x000001b401afa0f0 nmethod 6657 0x000001b431df8690 code [0x000001b431df8840, 0x000001b431df8a70]
Event: 10.358 Thread 0x000001b401afa0f0 6653       4       lombok.core.LombokNode::up (26 bytes)
Event: 10.359 Thread 0x000001b401afa0f0 nmethod 6653 0x000001b431df8c10 code [0x000001b431df8da0, 0x000001b431df8e58]
Event: 10.359 Thread 0x000001b401afa0f0 6639       4       lombok.eclipse.EclipseASTAdapter::endVisitStatement (1 bytes)
Event: 10.359 Thread 0x000001b401afa0f0 nmethod 6639 0x000001b431df8f10 code [0x000001b431df90a0, 0x000001b431df9128]
Event: 10.359 Thread 0x000001b401afa0f0 6640       4       lombok.eclipse.EclipseASTAdapter::visitStatement (1 bytes)
Event: 10.359 Thread 0x000001b401afa0f0 nmethod 6640 0x000001b431df9210 code [0x000001b431df93a0, 0x000001b431df9428]
Event: 10.359 Thread 0x000001b401afa0f0 6561       4       org.eclipse.jdt.internal.core.JavaElement::<init> (26 bytes)
Event: 10.360 Thread 0x000001b401afa0f0 nmethod 6561 0x000001b431df9510 code [0x000001b431df96a0, 0x000001b431df97a8]
Event: 10.360 Thread 0x000001b401afa0f0 6676       4       org.eclipse.jdt.internal.compiler.util.ObjectVector::elementAt (7 bytes)
Event: 10.361 Thread 0x000001b401afa0f0 nmethod 6676 0x000001b431df9890 code [0x000001b431df9a20, 0x000001b431df9af0]
Event: 10.361 Thread 0x000001b401afa0f0 6663       4       org.eclipse.jdt.internal.core.PackageFragmentRoot::getPath (5 bytes)
Event: 10.361 Thread 0x000001b401afa0f0 nmethod 6663 0x000001b431df9b90 code [0x000001b431df9d20, 0x000001b431df9dd0]
Event: 10.362 Thread 0x000001b4073792b0 nmethod 6599 0x000001b431df9e90 code [0x000001b431dfa060, 0x000001b431dfa588]

GC Heap History (20 events):
Event: 5.736 GC heap before
{Heap before GC invocations=14 (full 2):
 PSYoungGen      total 23040K, used 544K [0x00000000d5580000, 0x00000000d7000000, 0x0000000100000000)
  eden space 22016K, 0% used [0x00000000d5580000,0x00000000d5580000,0x00000000d6b00000)
  from space 1024K, 53% used [0x00000000d6f00000,0x00000000d6f88010,0x00000000d7000000)
  to   space 1024K, 0% used [0x00000000d6e00000,0x00000000d6e00000,0x00000000d6f00000)
 ParOldGen       total 68608K, used 17191K [0x0000000080000000, 0x0000000084300000, 0x00000000d5580000)
  object space 68608K, 25% used [0x0000000080000000,0x00000000810c9c20,0x0000000084300000)
 Metaspace       used 35000K, committed 35840K, reserved 1114112K
  class space    used 3465K, committed 3840K, reserved 1048576K
}
Event: 5.763 GC heap after
{Heap after GC invocations=14 (full 2):
 PSYoungGen      total 23040K, used 0K [0x00000000d5580000, 0x00000000d7000000, 0x0000000100000000)
  eden space 22016K, 0% used [0x00000000d5580000,0x00000000d5580000,0x00000000d6b00000)
  from space 1024K, 0% used [0x00000000d6f00000,0x00000000d6f00000,0x00000000d7000000)
  to   space 1024K, 0% used [0x00000000d6e00000,0x00000000d6e00000,0x00000000d6f00000)
 ParOldGen       total 68608K, used 16662K [0x0000000080000000, 0x0000000084300000, 0x00000000d5580000)
  object space 68608K, 24% used [0x0000000080000000,0x00000000810458d0,0x0000000084300000)
 Metaspace       used 34993K, committed 35840K, reserved 1114112K
  class space    used 3463K, committed 3840K, reserved 1048576K
}
Event: 5.798 GC heap before
{Heap before GC invocations=15 (full 2):
 PSYoungGen      total 23040K, used 22016K [0x00000000d5580000, 0x00000000d7000000, 0x0000000100000000)
  eden space 22016K, 100% used [0x00000000d5580000,0x00000000d6b00000,0x00000000d6b00000)
  from space 1024K, 0% used [0x00000000d6f00000,0x00000000d6f00000,0x00000000d7000000)
  to   space 1024K, 0% used [0x00000000d6e00000,0x00000000d6e00000,0x00000000d6f00000)
 ParOldGen       total 68608K, used 16662K [0x0000000080000000, 0x0000000084300000, 0x00000000d5580000)
  object space 68608K, 24% used [0x0000000080000000,0x00000000810458d0,0x0000000084300000)
 Metaspace       used 35469K, committed 36352K, reserved 1114112K
  class space    used 3512K, committed 3904K, reserved 1048576K
}
Event: 5.800 GC heap after
{Heap after GC invocations=15 (full 2):
 PSYoungGen      total 23040K, used 992K [0x00000000d5580000, 0x00000000d7000000, 0x0000000100000000)
  eden space 22016K, 0% used [0x00000000d5580000,0x00000000d5580000,0x00000000d6b00000)
  from space 1024K, 96% used [0x00000000d6e00000,0x00000000d6ef8010,0x00000000d6f00000)
  to   space 1024K, 0% used [0x00000000d6f00000,0x00000000d6f00000,0x00000000d7000000)
 ParOldGen       total 68608K, used 17854K [0x0000000080000000, 0x0000000084300000, 0x00000000d5580000)
  object space 68608K, 26% used [0x0000000080000000,0x000000008116f8d0,0x0000000084300000)
 Metaspace       used 35469K, committed 36352K, reserved 1114112K
  class space    used 3512K, committed 3904K, reserved 1048576K
}
Event: 5.879 GC heap before
{Heap before GC invocations=16 (full 2):
 PSYoungGen      total 23040K, used 23008K [0x00000000d5580000, 0x00000000d7000000, 0x0000000100000000)
  eden space 22016K, 100% used [0x00000000d5580000,0x00000000d6b00000,0x00000000d6b00000)
  from space 1024K, 96% used [0x00000000d6e00000,0x00000000d6ef8010,0x00000000d6f00000)
  to   space 1024K, 0% used [0x00000000d6f00000,0x00000000d6f00000,0x00000000d7000000)
 ParOldGen       total 68608K, used 17854K [0x0000000080000000, 0x0000000084300000, 0x00000000d5580000)
  object space 68608K, 26% used [0x0000000080000000,0x000000008116f8d0,0x0000000084300000)
 Metaspace       used 36275K, committed 37184K, reserved 1114112K
  class space    used 3623K, committed 4032K, reserved 1048576K
}
Event: 5.881 GC heap after
{Heap after GC invocations=16 (full 2):
 PSYoungGen      total 23040K, used 1009K [0x00000000d5580000, 0x00000000d7200000, 0x0000000100000000)
  eden space 22016K, 0% used [0x00000000d5580000,0x00000000d5580000,0x00000000d6b00000)
  from space 1024K, 98% used [0x00000000d6f00000,0x00000000d6ffc400,0x00000000d7000000)
  to   space 3584K, 0% used [0x00000000d6b00000,0x00000000d6b00000,0x00000000d6e80000)
 ParOldGen       total 68608K, used 20134K [0x0000000080000000, 0x0000000084300000, 0x00000000d5580000)
  object space 68608K, 29% used [0x0000000080000000,0x00000000813a9910,0x0000000084300000)
 Metaspace       used 36275K, committed 37184K, reserved 1114112K
  class space    used 3623K, committed 4032K, reserved 1048576K
}
Event: 5.926 GC heap before
{Heap before GC invocations=17 (full 2):
 PSYoungGen      total 23040K, used 23025K [0x00000000d5580000, 0x00000000d7200000, 0x0000000100000000)
  eden space 22016K, 100% used [0x00000000d5580000,0x00000000d6b00000,0x00000000d6b00000)
  from space 1024K, 98% used [0x00000000d6f00000,0x00000000d6ffc400,0x00000000d7000000)
  to   space 3584K, 0% used [0x00000000d6b00000,0x00000000d6b00000,0x00000000d6e80000)
 ParOldGen       total 68608K, used 20134K [0x0000000080000000, 0x0000000084300000, 0x00000000d5580000)
  object space 68608K, 29% used [0x0000000080000000,0x00000000813a9910,0x0000000084300000)
 Metaspace       used 36364K, committed 37248K, reserved 1114112K
  class space    used 3631K, committed 4032K, reserved 1048576K
}
Event: 5.928 GC heap after
{Heap after GC invocations=17 (full 2):
 PSYoungGen      total 25088K, used 2564K [0x00000000d5580000, 0x00000000d7100000, 0x0000000100000000)
  eden space 22016K, 0% used [0x00000000d5580000,0x00000000d5580000,0x00000000d6b00000)
  from space 3072K, 83% used [0x00000000d6b00000,0x00000000d6d81000,0x00000000d6e00000)
  to   space 3072K, 0% used [0x00000000d6e00000,0x00000000d6e00000,0x00000000d7100000)
 ParOldGen       total 68608K, used 21137K [0x0000000080000000, 0x0000000084300000, 0x00000000d5580000)
  object space 68608K, 30% used [0x0000000080000000,0x00000000814a45f8,0x0000000084300000)
 Metaspace       used 36364K, committed 37248K, reserved 1114112K
  class space    used 3631K, committed 4032K, reserved 1048576K
}
Event: 5.965 GC heap before
{Heap before GC invocations=18 (full 2):
 PSYoungGen      total 25088K, used 24580K [0x00000000d5580000, 0x00000000d7100000, 0x0000000100000000)
  eden space 22016K, 100% used [0x00000000d5580000,0x00000000d6b00000,0x00000000d6b00000)
  from space 3072K, 83% used [0x00000000d6b00000,0x00000000d6d81000,0x00000000d6e00000)
  to   space 3072K, 0% used [0x00000000d6e00000,0x00000000d6e00000,0x00000000d7100000)
 ParOldGen       total 68608K, used 21137K [0x0000000080000000, 0x0000000084300000, 0x00000000d5580000)
  object space 68608K, 30% used [0x0000000080000000,0x00000000814a45f8,0x0000000084300000)
 Metaspace       used 36425K, committed 37440K, reserved 1114112K
  class space    used 3656K, committed 4096K, reserved 1048576K
}
Event: 5.968 GC heap after
{Heap after GC invocations=18 (full 2):
 PSYoungGen      total 24064K, used 1984K [0x00000000d5580000, 0x00000000d7000000, 0x0000000100000000)
  eden space 22016K, 0% used [0x00000000d5580000,0x00000000d5580000,0x00000000d6b00000)
  from space 2048K, 96% used [0x00000000d6e00000,0x00000000d6ff0010,0x00000000d7000000)
  to   space 2560K, 0% used [0x00000000d6b00000,0x00000000d6b00000,0x00000000d6d80000)
 ParOldGen       total 68608K, used 23501K [0x0000000080000000, 0x0000000084300000, 0x00000000d5580000)
  object space 68608K, 34% used [0x0000000080000000,0x00000000816f35d0,0x0000000084300000)
 Metaspace       used 36425K, committed 37440K, reserved 1114112K
  class space    used 3656K, committed 4096K, reserved 1048576K
}
Event: 6.023 GC heap before
{Heap before GC invocations=19 (full 2):
 PSYoungGen      total 24064K, used 24000K [0x00000000d5580000, 0x00000000d7000000, 0x0000000100000000)
  eden space 22016K, 100% used [0x00000000d5580000,0x00000000d6b00000,0x00000000d6b00000)
  from space 2048K, 96% used [0x00000000d6e00000,0x00000000d6ff0010,0x00000000d7000000)
  to   space 2560K, 0% used [0x00000000d6b00000,0x00000000d6b00000,0x00000000d6d80000)
 ParOldGen       total 68608K, used 23501K [0x0000000080000000, 0x0000000084300000, 0x00000000d5580000)
  object space 68608K, 34% used [0x0000000080000000,0x00000000816f35d0,0x0000000084300000)
 Metaspace       used 36557K, committed 37504K, reserved 1114112K
  class space    used 3678K, committed 4096K, reserved 1048576K
}
Event: 6.026 GC heap after
{Heap after GC invocations=19 (full 2):
 PSYoungGen      total 24576K, used 2272K [0x00000000d5580000, 0x00000000d7000000, 0x0000000100000000)
  eden space 22016K, 0% used [0x00000000d5580000,0x00000000d5580000,0x00000000d6b00000)
  from space 2560K, 88% used [0x00000000d6b00000,0x00000000d6d38020,0x00000000d6d80000)
  to   space 2560K, 0% used [0x00000000d6d80000,0x00000000d6d80000,0x00000000d7000000)
 ParOldGen       total 68608K, used 25285K [0x0000000080000000, 0x0000000084300000, 0x00000000d5580000)
  object space 68608K, 36% used [0x0000000080000000,0x00000000818b15d0,0x0000000084300000)
 Metaspace       used 36557K, committed 37504K, reserved 1114112K
  class space    used 3678K, committed 4096K, reserved 1048576K
}
Event: 6.105 GC heap before
{Heap before GC invocations=20 (full 2):
 PSYoungGen      total 24576K, used 24288K [0x00000000d5580000, 0x00000000d7000000, 0x0000000100000000)
  eden space 22016K, 100% used [0x00000000d5580000,0x00000000d6b00000,0x00000000d6b00000)
  from space 2560K, 88% used [0x00000000d6b00000,0x00000000d6d38020,0x00000000d6d80000)
  to   space 2560K, 0% used [0x00000000d6d80000,0x00000000d6d80000,0x00000000d7000000)
 ParOldGen       total 68608K, used 25285K [0x0000000080000000, 0x0000000084300000, 0x00000000d5580000)
  object space 68608K, 36% used [0x0000000080000000,0x00000000818b15d0,0x0000000084300000)
 Metaspace       used 36929K, committed 37888K, reserved 1114112K
  class space    used 3717K, committed 4160K, reserved 1048576K
}
Event: 6.108 GC heap after
{Heap after GC invocations=20 (full 2):
 PSYoungGen      total 24064K, used 1880K [0x00000000d5580000, 0x00000000d6f80000, 0x0000000100000000)
  eden space 22016K, 0% used [0x00000000d5580000,0x00000000d5580000,0x00000000d6b00000)
  from space 2048K, 91% used [0x00000000d6d80000,0x00000000d6f56200,0x00000000d6f80000)
  to   space 2048K, 0% used [0x00000000d6b80000,0x00000000d6b80000,0x00000000d6d80000)
 ParOldGen       total 68608K, used 27269K [0x0000000080000000, 0x0000000084300000, 0x00000000d5580000)
  object space 68608K, 39% used [0x0000000080000000,0x0000000081aa15e0,0x0000000084300000)
 Metaspace       used 36929K, committed 37888K, reserved 1114112K
  class space    used 3717K, committed 4160K, reserved 1048576K
}
Event: 6.469 GC heap before
{Heap before GC invocations=21 (full 2):
 PSYoungGen      total 24064K, used 23896K [0x00000000d5580000, 0x00000000d6f80000, 0x0000000100000000)
  eden space 22016K, 100% used [0x00000000d5580000,0x00000000d6b00000,0x00000000d6b00000)
  from space 2048K, 91% used [0x00000000d6d80000,0x00000000d6f56200,0x00000000d6f80000)
  to   space 2048K, 0% used [0x00000000d6b80000,0x00000000d6b80000,0x00000000d6d80000)
 ParOldGen       total 68608K, used 27269K [0x0000000080000000, 0x0000000084300000, 0x00000000d5580000)
  object space 68608K, 39% used [0x0000000080000000,0x0000000081aa15e0,0x0000000084300000)
 Metaspace       used 38635K, committed 39552K, reserved 1114112K
  class space    used 3901K, committed 4288K, reserved 1048576K
}
Event: 6.470 GC heap after
{Heap after GC invocations=21 (full 2):
 PSYoungGen      total 23040K, used 704K [0x00000000d5580000, 0x00000000d6e00000, 0x0000000100000000)
  eden space 22016K, 0% used [0x00000000d5580000,0x00000000d5580000,0x00000000d6b00000)
  from space 1024K, 68% used [0x00000000d6b80000,0x00000000d6c30000,0x00000000d6c80000)
  to   space 1536K, 0% used [0x00000000d6c80000,0x00000000d6c80000,0x00000000d6e00000)
 ParOldGen       total 68608K, used 29018K [0x0000000080000000, 0x0000000084300000, 0x00000000d5580000)
  object space 68608K, 42% used [0x0000000080000000,0x0000000081c56b38,0x0000000084300000)
 Metaspace       used 38635K, committed 39552K, reserved 1114112K
  class space    used 3901K, committed 4288K, reserved 1048576K
}
Event: 6.809 GC heap before
{Heap before GC invocations=22 (full 2):
 PSYoungGen      total 23040K, used 22720K [0x00000000d5580000, 0x00000000d6e00000, 0x0000000100000000)
  eden space 22016K, 100% used [0x00000000d5580000,0x00000000d6b00000,0x00000000d6b00000)
  from space 1024K, 68% used [0x00000000d6b80000,0x00000000d6c30000,0x00000000d6c80000)
  to   space 1536K, 0% used [0x00000000d6c80000,0x00000000d6c80000,0x00000000d6e00000)
 ParOldGen       total 68608K, used 29018K [0x0000000080000000, 0x0000000084300000, 0x00000000d5580000)
  object space 68608K, 42% used [0x0000000080000000,0x0000000081c56b38,0x0000000084300000)
 Metaspace       used 41064K, committed 41984K, reserved 1114112K
  class space    used 4153K, committed 4544K, reserved 1048576K
}
Event: 6.811 GC heap after
{Heap after GC invocations=22 (full 2):
 PSYoungGen      total 22528K, used 1517K [0x00000000d5580000, 0x00000000d7000000, 0x0000000100000000)
  eden space 20992K, 0% used [0x00000000d5580000,0x00000000d5580000,0x00000000d6a00000)
  from space 1536K, 98% used [0x00000000d6c80000,0x00000000d6dfb530,0x00000000d6e00000)
  to   space 2560K, 0% used [0x00000000d6a00000,0x00000000d6a00000,0x00000000d6c80000)
 ParOldGen       total 68608K, used 29658K [0x0000000080000000, 0x0000000084300000, 0x00000000d5580000)
  object space 68608K, 43% used [0x0000000080000000,0x0000000081cf6b38,0x0000000084300000)
 Metaspace       used 41064K, committed 41984K, reserved 1114112K
  class space    used 4153K, committed 4544K, reserved 1048576K
}
Event: 7.035 GC heap before
{Heap before GC invocations=23 (full 2):
 PSYoungGen      total 22528K, used 22509K [0x00000000d5580000, 0x00000000d7000000, 0x0000000100000000)
  eden space 20992K, 100% used [0x00000000d5580000,0x00000000d6a00000,0x00000000d6a00000)
  from space 1536K, 98% used [0x00000000d6c80000,0x00000000d6dfb530,0x00000000d6e00000)
  to   space 2560K, 0% used [0x00000000d6a00000,0x00000000d6a00000,0x00000000d6c80000)
 ParOldGen       total 68608K, used 29658K [0x0000000080000000, 0x0000000084300000, 0x00000000d5580000)
  object space 68608K, 43% used [0x0000000080000000,0x0000000081cf6b38,0x0000000084300000)
 Metaspace       used 42140K, committed 43072K, reserved 1114112K
  class space    used 4271K, committed 4672K, reserved 1048576K
}
Event: 7.037 GC heap after
{Heap after GC invocations=23 (full 2):
 PSYoungGen      total 23040K, used 1776K [0x00000000d5580000, 0x00000000d6e00000, 0x0000000100000000)
  eden space 20992K, 0% used [0x00000000d5580000,0x00000000d5580000,0x00000000d6a00000)
  from space 2048K, 86% used [0x00000000d6a00000,0x00000000d6bbc010,0x00000000d6c00000)
  to   space 2048K, 0% used [0x00000000d6c00000,0x00000000d6c00000,0x00000000d6e00000)
 ParOldGen       total 68608K, used 31170K [0x0000000080000000, 0x0000000084300000, 0x00000000d5580000)
  object space 68608K, 45% used [0x0000000080000000,0x0000000081e709f8,0x0000000084300000)
 Metaspace       used 42140K, committed 43072K, reserved 1114112K
  class space    used 4271K, committed 4672K, reserved 1048576K
}

Dll operation events (10 events):
Event: 0.015 Loaded shared library c:\Users\Ammar\.vscode\extensions\redhat.java-1.54.0-win32-x64\jre\21.0.10-win32-x86_64\bin\java.dll
Event: 0.086 Loaded shared library c:\Users\Ammar\.vscode\extensions\redhat.java-1.54.0-win32-x64\jre\21.0.10-win32-x86_64\bin\zip.dll
Event: 0.107 Loaded shared library C:\Users\Ammar\.vscode\extensions\redhat.java-1.54.0-win32-x64\jre\21.0.10-win32-x86_64\bin\instrument.dll
Event: 0.113 Loaded shared library C:\Users\Ammar\.vscode\extensions\redhat.java-1.54.0-win32-x64\jre\21.0.10-win32-x86_64\bin\net.dll
Event: 0.115 Loaded shared library C:\Users\Ammar\.vscode\extensions\redhat.java-1.54.0-win32-x64\jre\21.0.10-win32-x86_64\bin\nio.dll
Event: 0.117 Loaded shared library C:\Users\Ammar\.vscode\extensions\redhat.java-1.54.0-win32-x64\jre\21.0.10-win32-x86_64\bin\zip.dll
Event: 0.130 Loaded shared library C:\Users\Ammar\.vscode\extensions\redhat.java-1.54.0-win32-x64\jre\21.0.10-win32-x86_64\bin\jimage.dll
Event: 0.197 Loaded shared library c:\Users\Ammar\.vscode\extensions\redhat.java-1.54.0-win32-x64\jre\21.0.10-win32-x86_64\bin\verify.dll
Event: 3.377 Loaded shared library C:\Users\Ammar\AppData\Roaming\Code\User\globalStorage\redhat.java\1.54.0\config_ss_win\org.eclipse.equinox.launcher\org.eclipse.equinox.launcher.win32.win32.x86_64_1.3.0.v20260203-2149\eclipse_11919.dll
Event: 4.685 Loaded shared library C:\Users\Ammar\AppData\Local\Temp\jna--1079687382\jna13491799221147999350.dll

Deoptimization events (20 events):
Event: 8.323 Thread 0x000001b4077b3c60 Uncommon trap: trap_request=0xffffff45 fr.pc=0x000001b431d10860 relative=0x00000000000000c0
Event: 8.323 Thread 0x000001b4077b3c60 Uncommon trap: reason=unstable_if action=reinterpret pc=0x000001b431d10860 method=java.util.Hashtable$Enumerator.nextElement()Ljava/lang/Object; @ 87 c2
Event: 8.323 Thread 0x000001b4077b3c60 DEOPT PACKING pc=0x000001b431d10860 sp=0x00000098d02feaf0
Event: 8.323 Thread 0x000001b4077b3c60 DEOPT UNPACKING pc=0x000001b431346da2 sp=0x00000098d02fea18 mode 2
Event: 8.324 Thread 0x000001b4077b3c60 Uncommon trap: trap_request=0xffffffc6 fr.pc=0x000001b431da5bf4 relative=0x0000000000000814
Event: 8.324 Thread 0x000001b4077b3c60 Uncommon trap: reason=bimorphic_or_optimized_type_check action=maybe_recompile pc=0x000001b431da5bf4 method=lombok.eclipse.EclipseNode.traverse(Llombok/eclipse/EclipseASTVisitor;)V @ 482 c2
Event: 8.325 Thread 0x000001b4077b3c60 DEOPT PACKING pc=0x000001b431da5bf4 sp=0x00000098d02fe3d0
Event: 8.325 Thread 0x000001b4077b3c60 DEOPT UNPACKING pc=0x000001b431346da2 sp=0x00000098d02fe360 mode 2
Event: 10.336 Thread 0x000001b40763cc20 Uncommon trap: trap_request=0xffffff45 fr.pc=0x000001b431d89a8c relative=0x000000000000090c
Event: 10.336 Thread 0x000001b40763cc20 Uncommon trap: reason=unstable_if action=reinterpret pc=0x000001b431d89a8c method=lombok.core.configuration.FileSystemSourceCache.parseIfNeccesary(Llombok/core/configuration/ConfigurationFile;Llombok/core/configuration/ConfigurationParser;)Llombok/core/co
Event: 10.337 Thread 0x000001b40763cc20 DEOPT PACKING pc=0x000001b431d89a8c sp=0x00000098cecfcb00
Event: 10.337 Thread 0x000001b40763cc20 DEOPT UNPACKING pc=0x000001b431346da2 sp=0x00000098cecfcaa8 mode 2
Event: 10.337 Thread 0x000001b4077b3c60 Uncommon trap: trap_request=0xffffff45 fr.pc=0x000001b431dd5978 relative=0x0000000000000238
Event: 10.337 Thread 0x000001b4077b3c60 Uncommon trap: reason=unstable_if action=reinterpret pc=0x000001b431dd5978 method=java.util.Arrays.hashCode([C)I @ 8 c2
Event: 10.337 Thread 0x000001b4077b3c60 DEOPT PACKING pc=0x000001b431dd5978 sp=0x00000098d02fe6a0
Event: 10.337 Thread 0x000001b4077b3c60 DEOPT UNPACKING pc=0x000001b431346da2 sp=0x00000098d02fe638 mode 2
Event: 10.343 Thread 0x000001b4077b3c60 Uncommon trap: trap_request=0xffffff45 fr.pc=0x000001b431c154b8 relative=0x0000000000000098
Event: 10.343 Thread 0x000001b4077b3c60 Uncommon trap: reason=unstable_if action=reinterpret pc=0x000001b431c154b8 method=java.util.Hashtable$Enumerator.nextElement()Ljava/lang/Object; @ 87 c2
Event: 10.343 Thread 0x000001b4077b3c60 DEOPT PACKING pc=0x000001b431c154b8 sp=0x00000098d02feab0
Event: 10.343 Thread 0x000001b4077b3c60 DEOPT UNPACKING pc=0x000001b431346da2 sp=0x00000098d02fea30 mode 2

Classes loaded (20 events):
Event: 6.625 Loading class sun/reflect/misc/ReflectUtil done
Event: 6.625 Loading class java/util/stream/Nodes$AbstractConcNode
Event: 6.625 Loading class java/util/stream/Nodes$AbstractConcNode done
Event: 6.625 Loading class java/util/stream/Nodes$ConcNode done
Event: 6.627 Loading class java/lang/invoke/MethodHandleImpl$CountingWrapper$1
Event: 6.627 Loading class java/lang/invoke/MethodHandleImpl$CountingWrapper$1 done
Event: 6.628 Loading class java/util/stream/Nodes$ToArrayTask$OfRef
Event: 6.628 Loading class java/util/stream/Nodes$ToArrayTask
Event: 6.628 Loading class java/util/stream/Nodes$ToArrayTask done
Event: 6.628 Loading class java/util/stream/Nodes$ToArrayTask$OfRef done
Event: 6.948 Loading class java/util/regex/Pattern$Pos
Event: 6.948 Loading class java/util/regex/Pattern$Pos done
Event: 7.087 Loading class java/util/stream/ReduceOps$4
Event: 7.087 Loading class java/util/stream/ReduceOps$4 done
Event: 7.088 Loading class java/util/stream/ReduceOps$4ReducingSink
Event: 7.088 Loading class java/util/stream/ReduceOps$4ReducingSink done
Event: 7.089 Loading class java/nio/file/Files$2
Event: 7.089 Loading class java/nio/file/Files$2 done
Event: 7.227 Loading class java/util/concurrent/ArrayBlockingQueue
Event: 7.227 Loading class java/util/concurrent/ArrayBlockingQueue done

Classes unloaded (11 events):
Event: 4.357 Thread 0x000001b426c32d30 Unloading class 0x000001b43f194c00 'java/lang/invoke/LambdaForm$MH+0x000001b43f194c00'
Event: 4.357 Thread 0x000001b426c32d30 Unloading class 0x000001b43f194800 'java/lang/invoke/LambdaForm$MH+0x000001b43f194800'
Event: 4.357 Thread 0x000001b426c32d30 Unloading class 0x000001b43f194400 'java/lang/invoke/LambdaForm$MH+0x000001b43f194400'
Event: 4.357 Thread 0x000001b426c32d30 Unloading class 0x000001b43f194000 'java/lang/invoke/LambdaForm$MH+0x000001b43f194000'
Event: 4.357 Thread 0x000001b426c32d30 Unloading class 0x000001b43f193c00 'java/lang/invoke/LambdaForm$BMH+0x000001b43f193c00'
Event: 4.357 Thread 0x000001b426c32d30 Unloading class 0x000001b43f193800 'java/lang/invoke/LambdaForm$DMH+0x000001b43f193800'
Event: 4.357 Thread 0x000001b426c32d30 Unloading class 0x000001b43f192400 'java/lang/invoke/LambdaForm$DMH+0x000001b43f192400'
Event: 5.740 Thread 0x000001b426c32d30 Unloading class 0x000001b43f3c4400 'java/lang/invoke/LambdaForm$MH+0x000001b43f3c4400'
Event: 5.740 Thread 0x000001b426c32d30 Unloading class 0x000001b43f3c4000 'java/lang/invoke/LambdaForm$MH+0x000001b43f3c4000'
Event: 5.740 Thread 0x000001b426c32d30 Unloading class 0x000001b43f3bb800 'java/lang/invoke/LambdaForm$MH+0x000001b43f3bb800'
Event: 5.740 Thread 0x000001b426c32d30 Unloading class 0x000001b43f3bb400 'java/lang/invoke/LambdaForm$MH+0x000001b43f3bb400'

Classes redefined (0 events):
No events

Internal exceptions (20 events):
Event: 6.617 Thread 0x000001b4087307e0 Exception <a 'java/lang/NoSuchMethodError'{0x00000000d60995e8}: 'java.lang.Object java.lang.invoke.DirectMethodHandle$Holder.invokeStatic(java.lang.Object, int, java.lang.Object, java.lang.Object)'> (0x00000000d60995e8) 
thrown [s\src\hotspot\share\interpreter\linkResolver.cpp, line 773]
Event: 6.617 Thread 0x000001b4087307e0 Exception <a 'java/lang/NoSuchMethodError'{0x00000000d60addb8}: 'java.lang.Object java.lang.invoke.DelegatingMethodHandle$Holder.delegate(java.lang.Object, int, java.lang.Object, java.lang.Object)'> (0x00000000d60addb8) 
thrown [s\src\hotspot\share\interpreter\linkResolver.cpp, line 773]
Event: 6.618 Thread 0x000001b4076400a0 Exception <a 'java/lang/IncompatibleClassChangeError'{0x00000000d5fd5aa0}: Found class java.lang.Object, but interface was expected> (0x00000000d5fd5aa0) 
thrown [s\src\hotspot\share\interpreter\linkResolver.cpp, line 840]
Event: 6.619 Thread 0x000001b4087307e0 Implicit null exception at 0x000001b431c36be4 to 0x000001b431c36eb8
Event: 6.621 Thread 0x000001b4087307e0 Exception <a 'java/lang/NoSuchMethodError'{0x00000000d613bdc8}: 'int java.lang.invoke.Invokers$Holder.linkToTargetMethod(java.lang.Object, java.lang.Object, java.lang.Object)'> (0x00000000d613bdc8) 
thrown [s\src\hotspot\share\interpreter\linkResolver.cpp, line 773]
Event: 6.623 Thread 0x000001b4076400a0 Exception <a 'java/lang/IncompatibleClassChangeError'{0x00000000d60d5178}: Found class java.lang.Object, but interface was expected> (0x00000000d60d5178) 
thrown [s\src\hotspot\share\interpreter\linkResolver.cpp, line 840]
Event: 6.641 Thread 0x000001b4066bdee0 Exception <a 'java/lang/NoSuchMethodError'{0x00000000d63993e8}: 'java.lang.Object java.lang.invoke.DirectMethodHandle$Holder.newInvokeSpecial(java.lang.Object, java.lang.Object, java.lang.Object, java.lang.Object, java.lang.Object, java.lang.Object, java.lang.Object, java.lang.Object)'> (0x00000000d63993e8) 
thrown [s\src\hotspot\share\interpreter\linkResolver.cpp, line 773]
Event: 6.653 Thread 0x000001b4087307e0 Exception <a 'java/lang/NoSuchMethodError'{0x00000000d6471e80}: 'int java.lang.invoke.DirectMethodHandle$Holder.invokeInterface(java.lang.Object, java.lang.Object)'> (0x00000000d6471e80) 
thrown [s\src\hotspot\share\interpreter\linkResolver.cpp, line 773]
Event: 6.654 Thread 0x000001b4087307e0 Exception <a 'java/lang/IncompatibleClassChangeError'{0x00000000d6475150}: Found class java.lang.Object, but interface was expected> (0x00000000d6475150) 
thrown [s\src\hotspot\share\interpreter\linkResolver.cpp, line 840]
Event: 6.670 Thread 0x000001b40763cc20 Exception <a 'sun/nio/fs/WindowsException'{0x00000000d65a24e8}> (0x00000000d65a24e8) 
thrown [s\src\hotspot\share\prims\jni.cpp, line 520]
Event: 6.699 Thread 0x000001b4087307e0 Exception <a 'java/lang/ArrayIndexOutOfBoundsException'{0x00000000d687faa8}: Index 443 out of bounds for length 0> (0x00000000d687faa8) 
thrown [s\src\hotspot\share\interpreter\interpreterRuntime.cpp, line 439]
Event: 6.785 Thread 0x000001b406780800 Exception <a 'java/lang/NoSuchMethodError'{0x00000000d6927528}: 'int java.lang.invoke.DirectMethodHandle$Holder.invokeStatic(java.lang.Object)'> (0x00000000d6927528) 
thrown [s\src\hotspot\share\interpreter\linkResolver.cpp, line 773]
Event: 6.797 Thread 0x000001b406780800 Exception <a 'java/io/FileNotFoundException'{0x00000000d69b9920}> (0x00000000d69b9920) 
thrown [s\src\hotspot\share\prims\jni.cpp, line 520]
Event: 6.797 Thread 0x000001b406780800 Exception <a 'java/io/FileNotFoundException'{0x00000000d69bae30}> (0x00000000d69bae30) 
thrown [s\src\hotspot\share\prims\jni.cpp, line 520]
Event: 6.797 Thread 0x000001b406780800 Exception <a 'java/io/FileNotFoundException'{0x00000000d69bbe50}> (0x00000000d69bbe50) 
thrown [s\src\hotspot\share\prims\jni.cpp, line 520]
Event: 6.977 Thread 0x000001b406780800 Exception <a 'java/lang/NoSuchMethodError'{0x00000000d5f9fdb8}: 'java.lang.Object java.lang.invoke.DirectMethodHandle$Holder.invokeStatic(java.lang.Object, java.lang.Object, int, int)'> (0x00000000d5f9fdb8) 
thrown [s\src\hotspot\share\interpreter\linkResolver.cpp, line 773]
Event: 6.978 Thread 0x000001b406780800 Exception <a 'java/lang/NoSuchMethodError'{0x00000000d5fa4408}: 'java.lang.Object java.lang.invoke.DirectMethodHandle$Holder.invokeSpecial(java.lang.Object, java.lang.Object, java.lang.Object, int, int)'> (0x00000000d5fa4408) 
thrown [s\src\hotspot\share\interpreter\linkResolver.cpp, line 773]
Event: 7.024 Thread 0x000001b40872fac0 Exception <a 'java/lang/NoSuchMethodError'{0x00000000d67c8648}: 'java.lang.Object java.lang.invoke.DirectMethodHandle$Holder.invokeSpecial(java.lang.Object, java.lang.Object, int, long)'> (0x00000000d67c8648) 
thrown [s\src\hotspot\share\interpreter\linkResolver.cpp, line 773]
Event: 7.058 Thread 0x000001b406780800 Implicit null exception at 0x000001b431d95e23 to 0x000001b431d96188
Event: 7.091 Thread 0x000001b406780800 Exception <a 'java/lang/NoSuchMethodError'{0x00000000d5907870}: 'int java.lang.invoke.DirectMethodHandle$Holder.invokeSpecialIFC(java.lang.Object, java.lang.Object, java.lang.Object)'> (0x00000000d5907870) 
thrown [s\src\hotspot\share\interpreter\linkResolver.cpp, line 773]

ZGC Phase Switch (0 events):
No events

VM Operations (20 events):
Event: 6.695 Executing non-safepoint VM operation: HandshakeAllThreads (Deoptimize) done
Event: 6.786 Executing non-safepoint VM operation: HandshakeAllThreads (Deoptimize)
Event: 6.786 Executing non-safepoint VM operation: HandshakeAllThreads (Deoptimize) done
Event: 6.809 Executing safepoint VM operation: ParallelGCFailedAllocation (Allocation Failure)
Event: 6.811 Executing safepoint VM operation: ParallelGCFailedAllocation (Allocation Failure) done
Event: 7.032 Executing safepoint VM operation: ICBufferFull
Event: 7.032 Executing safepoint VM operation: ICBufferFull done
Event: 7.035 Executing safepoint VM operation: ParallelGCFailedAllocation (Allocation Failure)
Event: 7.037 Executing safepoint VM operation: ParallelGCFailedAllocation (Allocation Failure) done
Event: 7.193 Executing safepoint VM operation: ICBufferFull
Event: 7.193 Executing safepoint VM operation: ICBufferFull done
Event: 7.204 Executing non-safepoint VM operation: HandshakeAllThreads (Deoptimize)
Event: 7.204 Executing non-safepoint VM operation: HandshakeAllThreads (Deoptimize) done
Event: 8.206 Executing safepoint VM operation: Cleanup
Event: 8.286 Executing safepoint VM operation: Cleanup done
Event: 8.317 Executing non-safepoint VM operation: HandshakeAllThreads (Deoptimize)
Event: 8.317 Executing non-safepoint VM operation: HandshakeAllThreads (Deoptimize) done
Event: 9.317 Executing safepoint VM operation: Cleanup
Event: 10.329 Executing safepoint VM operation: Cleanup done
Event: 11.330 Executing safepoint VM operation: Cleanup

Memory protections (0 events):
No events

Nmethod flushes (20 events):
Event: 5.748 Thread 0x000001b426c32d30 flushing  nmethod 0x000001b42a352d90
Event: 5.748 Thread 0x000001b426c32d30 flushing  nmethod 0x000001b42a355890
Event: 5.748 Thread 0x000001b426c32d30 flushing  nmethod 0x000001b42a356b90
Event: 5.748 Thread 0x000001b426c32d30 flushing  nmethod 0x000001b42a35c710
Event: 5.748 Thread 0x000001b426c32d30 flushing  nmethod 0x000001b42a3a2890
Event: 5.748 Thread 0x000001b426c32d30 flushing  nmethod 0x000001b42a3a3310
Event: 5.748 Thread 0x000001b426c32d30 flushing  nmethod 0x000001b42a3a3890
Event: 5.748 Thread 0x000001b426c32d30 flushing  nmethod 0x000001b42a3a4690
Event: 5.748 Thread 0x000001b426c32d30 flushing  nmethod 0x000001b42a3a5990
Event: 5.748 Thread 0x000001b426c32d30 flushing  nmethod 0x000001b42a3a6790
Event: 5.748 Thread 0x000001b426c32d30 flushing  nmethod 0x000001b42a3a7390
Event: 5.748 Thread 0x000001b426c32d30 flushing  nmethod 0x000001b42a3acc90
Event: 5.748 Thread 0x000001b426c32d30 flushing  nmethod 0x000001b42a3b4790
Event: 5.748 Thread 0x000001b426c32d30 flushing  nmethod 0x000001b42a3b4c90
Event: 5.748 Thread 0x000001b426c32d30 flushing  nmethod 0x000001b42a3b5790
Event: 5.748 Thread 0x000001b426c32d30 flushing  nmethod 0x000001b42a3b8a90
Event: 5.748 Thread 0x000001b426c32d30 flushing  nmethod 0x000001b42a3ba090
Event: 5.748 Thread 0x000001b426c32d30 flushing  nmethod 0x000001b42a3bbb90
Event: 5.748 Thread 0x000001b426c32d30 flushing  nmethod 0x000001b42a3da710
Event: 5.748 Thread 0x000001b426c32d30 flushing osr nmethod 0x000001b42a3e0790

Events (20 events):
Event: 6.861 Thread 0x000001b406780800 Thread added: 0x000001b408731500
Event: 6.862 Thread 0x000001b406780800 Thread added: 0x000001b4087342f0
Event: 6.862 Thread 0x000001b406780800 Thread added: 0x000001b408733c60
Event: 6.862 Thread 0x000001b406780800 Thread added: 0x000001b408731b90
Event: 6.863 Thread 0x000001b406780800 Thread added: 0x000001b408734980
Event: 6.863 Thread 0x000001b406780800 Thread added: 0x000001b408735010
Event: 6.864 Thread 0x000001b406780800 Thread added: 0x000001b4087356a0
Event: 6.864 Thread 0x000001b406780800 Thread added: 0x000001b408735d30
Event: 6.865 Thread 0x000001b406780800 Thread added: 0x000001b4087363c0
Event: 6.865 Thread 0x000001b406780800 Thread added: 0x000001b408732f40
Event: 6.866 Thread 0x000001b406780800 Thread added: 0x000001b408736a50
Event: 6.866 Thread 0x000001b406780800 Thread added: 0x000001b4077b42f0
Event: 7.229 Thread 0x000001b406780800 Thread added: 0x000001b4077b3c60
Event: 8.287 Thread 0x000001b47fce9f60 Thread exited: 0x000001b47fce9f60
Event: 8.287 Thread 0x000001b47fb345a0 Thread exited: 0x000001b47fb345a0
Event: 8.288 Thread 0x000001b47fb33ef0 Thread exited: 0x000001b47fb33ef0
Event: 8.293 Thread 0x000001b47fa58500 Thread added: 0x000001b407377770
Event: 9.327 Thread 0x000001b4066bdee0 Thread added: 0x000001b4077b35d0
Event: 10.329 Thread 0x000001b407377770 Thread added: 0x000001b407379980
Event: 10.331 Thread 0x000001b407377770 Thread added: 0x000001b407378be0


Dynamic libraries:
0x00007ff764ee0000 - 0x00007ff764eee000 	c:\Users\Ammar\.vscode\extensions\redhat.java-1.54.0-win32-x64\jre\21.0.10-win32-x86_64\bin\java.exe
0x00007ffb4db40000 - 0x00007ffb4dda7000 	C:\WINDOWS\SYSTEM32\ntdll.dll
0x00007ffb20990000 - 0x00007ffb209b1000 	C:\Program Files\AVG\Antivirus\aswhook.dll
0x00007ffb4c890000 - 0x00007ffb4c959000 	C:\WINDOWS\System32\KERNEL32.DLL
0x00007ffb4a780000 - 0x00007ffb4ab77000 	C:\WINDOWS\System32\KERNELBASE.dll
0x00007ffb4af00000 - 0x00007ffb4b04b000 	C:\WINDOWS\System32\ucrtbase.dll
0x00007ffb168e0000 - 0x00007ffb168fe000 	c:\Users\Ammar\.vscode\extensions\redhat.java-1.54.0-win32-x64\jre\21.0.10-win32-x86_64\bin\VCRUNTIME140.dll
0x00007ffb15700000 - 0x00007ffb15718000 	c:\Users\Ammar\.vscode\extensions\redhat.java-1.54.0-win32-x64\jre\21.0.10-win32-x86_64\bin\jli.dll
0x00007ffb4b940000 - 0x00007ffb4bb06000 	C:\WINDOWS\System32\USER32.dll
0x00007ffb4a620000 - 0x00007ffb4a647000 	C:\WINDOWS\System32\win32u.dll
0x00007ffb4bb10000 - 0x00007ffb4bb3b000 	C:\WINDOWS\System32\GDI32.dll
0x00007ffb297d0000 - 0x00007ffb29a62000 	C:\WINDOWS\WinSxS\amd64_microsoft.windows.common-controls_6595b64144ccf1df_6.0.26100.8328_none_3e08182ce334b678\COMCTL32.dll
0x00007ffb4a650000 - 0x00007ffb4a77c000 	C:\WINDOWS\System32\gdi32full.dll
0x00007ffb4c7e0000 - 0x00007ffb4c889000 	C:\WINDOWS\System32\msvcrt.dll
0x00007ffb4ae50000 - 0x00007ffb4aef3000 	C:\WINDOWS\System32\msvcp_win.dll
0x00007ffb4d4a0000 - 0x00007ffb4d4d2000 	C:\WINDOWS\System32\IMM32.DLL
0x00007ffb38d70000 - 0x00007ffb38d7c000 	c:\Users\Ammar\.vscode\extensions\redhat.java-1.54.0-win32-x64\jre\21.0.10-win32-x86_64\bin\vcruntime140_1.dll
0x00007ffb00b10000 - 0x00007ffb00b9d000 	c:\Users\Ammar\.vscode\extensions\redhat.java-1.54.0-win32-x64\jre\21.0.10-win32-x86_64\bin\msvcp140.dll
0x00007ffa3afe0000 - 0x00007ffa3bd81000 	c:\Users\Ammar\.vscode\extensions\redhat.java-1.54.0-win32-x64\jre\21.0.10-win32-x86_64\bin\server\jvm.dll
0x00007ffb4c540000 - 0x00007ffb4c5f6000 	C:\WINDOWS\System32\ADVAPI32.dll
0x00007ffb4c960000 - 0x00007ffb4ca07000 	C:\WINDOWS\System32\sechost.dll
0x00007ffb4d640000 - 0x00007ffb4d758000 	C:\WINDOWS\System32\RPCRT4.dll
0x00007ffb4cb10000 - 0x00007ffb4cb90000 	C:\WINDOWS\System32\WS2_32.dll
0x00007ffb49130000 - 0x00007ffb4918e000 	C:\WINDOWS\SYSTEM32\POWRPROF.dll
0x00007ffb43610000 - 0x00007ffb4361b000 	C:\WINDOWS\SYSTEM32\VERSION.dll
0x00007ffb3a960000 - 0x00007ffb3a996000 	C:\WINDOWS\SYSTEM32\WINMM.dll
0x00007ffb49110000 - 0x00007ffb49124000 	C:\WINDOWS\SYSTEM32\UMPDC.dll
0x00007ffb493e0000 - 0x00007ffb493fb000 	C:\WINDOWS\SYSTEM32\kernel.appcore.dll
0x00007ffb34970000 - 0x00007ffb3497a000 	c:\Users\Ammar\.vscode\extensions\redhat.java-1.54.0-win32-x64\jre\21.0.10-win32-x86_64\bin\jimage.dll
0x00007ffb48630000 - 0x00007ffb48872000 	C:\WINDOWS\SYSTEM32\DBGHELP.DLL
0x00007ffb4d760000 - 0x00007ffb4dae3000 	C:\WINDOWS\System32\combase.dll
0x00007ffb4bce0000 - 0x00007ffb4bdb9000 	C:\WINDOWS\System32\OLEAUT32.dll
0x00007ffb3f470000 - 0x00007ffb3f4ab000 	C:\WINDOWS\SYSTEM32\dbgcore.DLL
0x00007ffb4a570000 - 0x00007ffb4a618000 	C:\WINDOWS\System32\bcryptPrimitives.dll
0x00007ffb1c5c0000 - 0x00007ffb1c5cf000 	c:\Users\Ammar\.vscode\extensions\redhat.java-1.54.0-win32-x64\jre\21.0.10-win32-x86_64\bin\instrument.dll
0x00007ffb156e0000 - 0x00007ffb15700000 	c:\Users\Ammar\.vscode\extensions\redhat.java-1.54.0-win32-x64\jre\21.0.10-win32-x86_64\bin\java.dll
0x00007ffb4bdc0000 - 0x00007ffb4c52e000 	C:\WINDOWS\System32\SHELL32.dll
0x00007ffb4b050000 - 0x00007ffb4b8bc000 	C:\WINDOWS\System32\windows.storage.dll
0x00007ffb4ca10000 - 0x00007ffb4cb06000 	C:\WINDOWS\System32\SHCORE.dll
0x00007ffb4bb40000 - 0x00007ffb4bba6000 	C:\WINDOWS\System32\shlwapi.dll
0x00007ffb4a460000 - 0x00007ffb4a489000 	C:\WINDOWS\SYSTEM32\profapi.dll
0x00007ffb15610000 - 0x00007ffb15628000 	c:\Users\Ammar\.vscode\extensions\redhat.java-1.54.0-win32-x64\jre\21.0.10-win32-x86_64\bin\zip.dll
0x00007ffb28ae0000 - 0x00007ffb28af0000 	C:\Users\Ammar\.vscode\extensions\redhat.java-1.54.0-win32-x64\jre\21.0.10-win32-x86_64\bin\net.dll
0x00007ffb43e60000 - 0x00007ffb43f89000 	C:\WINDOWS\SYSTEM32\WINHTTP.dll
0x00007ffb49930000 - 0x00007ffb4999c000 	C:\WINDOWS\system32\mswsock.dll
0x00007ffb043d0000 - 0x00007ffb043e6000 	C:\Users\Ammar\.vscode\extensions\redhat.java-1.54.0-win32-x64\jre\21.0.10-win32-x86_64\bin\nio.dll
0x00007ffb1d870000 - 0x00007ffb1d880000 	c:\Users\Ammar\.vscode\extensions\redhat.java-1.54.0-win32-x64\jre\21.0.10-win32-x86_64\bin\verify.dll
0x00007ffb1d080000 - 0x00007ffb1d0c5000 	C:\Users\Ammar\AppData\Roaming\Code\User\globalStorage\redhat.java\1.54.0\config_ss_win\org.eclipse.equinox.launcher\org.eclipse.equinox.launcher.win32.win32.x86_64_1.3.0.v20260203-2149\eclipse_11919.dll
0x00007ffb4c600000 - 0x00007ffb4c797000 	C:\WINDOWS\System32\ole32.dll
0x00007ffb49d30000 - 0x00007ffb49d4b000 	C:\WINDOWS\SYSTEM32\CRYPTSP.dll
0x00007ffb49340000 - 0x00007ffb49379000 	C:\WINDOWS\system32\rsaenh.dll
0x00007ffb499e0000 - 0x00007ffb49a13000 	C:\WINDOWS\SYSTEM32\USERENV.dll
0x00007ffb4a490000 - 0x00007ffb4a4ba000 	C:\WINDOWS\SYSTEM32\bcrypt.dll
0x00007ffb49b90000 - 0x00007ffb49b9c000 	C:\WINDOWS\SYSTEM32\CRYPTBASE.dll
0x00007ffb48d40000 - 0x00007ffb48d72000 	C:\WINDOWS\SYSTEM32\IPHLPAPI.DLL
0x00007ffb4c7a0000 - 0x00007ffb4c7aa000 	C:\WINDOWS\System32\NSI.dll
0x00007ffb28630000 - 0x00007ffb28679000 	C:\Users\Ammar\AppData\Local\Temp\jna--1079687382\jna13491799221147999350.dll
0x00007ffb4bbb0000 - 0x00007ffb4bbb8000 	C:\WINDOWS\System32\PSAPI.DLL
0x00007ffb443e0000 - 0x00007ffb443fd000 	C:\WINDOWS\SYSTEM32\dhcpcsvc6.DLL
0x00007ffb441a0000 - 0x00007ffb441c5000 	C:\WINDOWS\SYSTEM32\dhcpcsvc.DLL

JVMTI agents:
c:\Users\Ammar\.vscode\extensions\redhat.java-1.54.0-win32-x64\lombok\lombok-1.18.39-4050.jar path:c:\Users\Ammar\.vscode\extensions\redhat.java-1.54.0-win32-x64\jre\21.0.10-win32-x86_64\bin\instrument.dll, loaded, initialized, instrumentlib options:none

dbghelp: loaded successfully - version: 4.0.5 - missing functions: none
symbol engine: initialized successfully - sym options: 0x614 - pdb path: .;c:\Users\Ammar\.vscode\extensions\redhat.java-1.54.0-win32-x64\jre\21.0.10-win32-x86_64\bin;C:\WINDOWS\SYSTEM32;C:\Program Files\AVG\Antivirus;C:\WINDOWS\WinSxS\amd64_microsoft.windows.common-controls_6595b64144ccf1df_6.0.26100.8328_none_3e08182ce334b678;c:\Users\Ammar\.vscode\extensions\redhat.java-1.54.0-win32-x64\jre\21.0.10-win32-x86_64\bin\server;C:\Users\Ammar\AppData\Roaming\Code\User\globalStorage\redhat.java\1.54.0\config_ss_win\org.eclipse.equinox.launcher\org.eclipse.equinox.launcher.win32.win32.x86_64_1.3.0.v20260203-2149;C:\Users\Ammar\AppData\Local\Temp\jna--1079687382

VM Arguments:
jvm_args: --add-modules=ALL-SYSTEM --add-opens=java.base/java.util=ALL-UNNAMED --add-opens=java.base/java.lang=ALL-UNNAMED --add-opens=java.base/sun.nio.fs=ALL-UNNAMED -Declipse.application=org.eclipse.jdt.ls.core.id1 -Dosgi.bundles.defaultStartLevel=4 -Declipse.product=org.eclipse.jdt.ls.core.product -Djava.import.generatesMetadataFilesAtProjectRoot=false -DDetectVMInstallationsJob.disabled=true -Dfile.encoding=utf8 -XX:+UseParallelGC -XX:GCTimeRatio=4 -XX:AdaptiveSizePolicyWeight=90 -Dsun.zip.disableMemoryMapping=true -Xmx2G -Xms100m -Xlog:disable -javaagent:c:\Users\Ammar\.vscode\extensions\redhat.java-1.54.0-win32-x64\lombok\lombok-1.18.39-4050.jar 
java_command: c:\Users\Ammar\.vscode\extensions\redhat.java-1.54.0-win32-x64\server\plugins\org.eclipse.equinox.launcher_1.7.100.v20251111-0406.jar -configuration c:\Users\Ammar\AppData\Roaming\Code\User\globalStorage\redhat.java\1.54.0\config_ss_win -data c:\Users\Ammar\AppData\Roaming\Code\User\workspaceStorage\4bf4e2a320b43b191503840b40d4f83c\redhat.java\ss_ws --pipe=\\.\pipe\lsp-fae8178c4eee8ba2bc2cfa3a37061e0e-sock
java_class_path (initial): c:\Users\Ammar\.vscode\extensions\redhat.java-1.54.0-win32-x64\server\plugins\org.eclipse.equinox.launcher_1.7.100.v20251111-0406.jar
Launcher Type: SUN_STANDARD

[Global flags]
    uintx AdaptiveSizePolicyWeight                 = 90                                        {product} {command line}
     intx CICompilerCount                          = 12                                        {product} {ergonomic}
    uintx GCTimeRatio                              = 4                                         {product} {command line}
   size_t InitialHeapSize                          = 104857600                                 {product} {command line}
   size_t MaxHeapSize                              = 2147483648                                {product} {command line}
   size_t MaxNewSize                               = 715653120                                 {product} {ergonomic}
   size_t MinHeapDeltaBytes                        = 524288                                    {product} {ergonomic}
   size_t MinHeapSize                              = 104857600                                 {product} {command line}
   size_t NewSize                                  = 34603008                                  {product} {ergonomic}
    uintx NonNMethodCodeHeapSize                   = 7602480                                {pd product} {ergonomic}
    uintx NonProfiledCodeHeapSize                  = 122027880                              {pd product} {ergonomic}
   size_t OldSize                                  = 70254592                                  {product} {ergonomic}
    uintx ProfiledCodeHeapSize                     = 122027880                              {pd product} {ergonomic}
    uintx ReservedCodeCacheSize                    = 251658240                              {pd product} {ergonomic}
     bool SegmentedCodeCache                       = true                                      {product} {ergonomic}
   size_t SoftMaxHeapSize                          = 2147483648                             {manageable} {ergonomic}
     bool UseCompressedOops                        = true                           {product lp64_product} {ergonomic}
     bool UseLargePagesIndividualAllocation        = false                                  {pd product} {ergonomic}
     bool UseParallelGC                            = true                                      {product} {command line}

Logging:
Log output configuration:
 #0: stdout all=off uptime,level,tags foldmultilines=false
 #1: stderr all=off uptime,level,tags foldmultilines=false

Release file:
JAVA_VERSION="21.0.10" 
MODULES="java.base java.compiler java.datatransfer java.xml java.prefs java.desktop java.instrument java.logging java.management java.security.sasl java.naming java.rmi java.management.rmi java.net.http java.scripting java.security.jgss java.transaction.xa java.sql java.sql.rowset java.xml.crypto java.se java.smartcardio jdk.accessibility jdk.internal.jvmstat jdk.attach jdk.charsets jdk.internal.opt jdk.zipfs jdk.compiler jdk.crypto.ec jdk.crypto.cryptoki jdk.crypto.mscapi jdk.dynalink jdk.internal.ed jdk.editpad jdk.hotspot.agent jdk.httpserver jdk.internal.le jdk.internal.vm.ci jdk.internal.vm.compiler jdk.internal.vm.compiler.management jdk.jartool jdk.javadoc jdk.jcmd jdk.management jdk.management.agent jdk.jconsole jdk.jdeps jdk.jdwp.agent jdk.jdi jdk.jfr jdk.jshell jdk.jsobject jdk.jstatd jdk.localedata jdk.management.jfr jdk.naming.dns jdk.naming.rmi jdk.net jdk.nio.mapmode jdk.random jdk.sctp jdk.security.auth jdk.security.jgss jdk.unsupported jdk.unsupported.desktop jdk.xml.dom" 

Environment Variables:
JAVA_HOME=C:\Program Files\Java\jdk-17
PATH=C:\Users\Ammar\AppData\Local\Programs\Microsoft VS Code;C:\Program Files\Java\jdk-17\bin\bin;C:\Program Files (x86)\VMware\VMware Workstation\bin\;C:\Program Files\Common Files\Oracle\Java\javapath;C:\WINDOWS\system32;C:\WINDOWS;C:\WINDOWS\System32\Wbem;C:\WINDOWS\System32\WindowsPowerShell\v1.0\;C:\WINDOWS\System32\OpenSSH\;C:\Program Files\Java\jdk-23\bin;C:\MinGW\bin;C:\Program Files (x86)\Microsoft SQL Server\160\Tools\Binn\;C:\Program Files\Microsoft SQL Server\160\Tools\Binn\;C:\Program Files\Microsoft SQL Server\Client SDK\ODBC\170\Tools\Binn\;C:\Program Files\Microsoft SQL Server\160\DTS\Binn\;C:\Program Files (x86)\Microsoft SQL Server\160\DTS\Binn\;C:\Program Files\Git\cmd;%USERPROFILE%\AppData\Local\Muse Hub\lib;C:\Program Files\nodejs\;C:\spark\bin;C:\Users\Ammar\.pyenv\pyenv-win\shims;C:\Program Files\dotnet\;C:\Program Files\Memurai\;;C:\Program Files\MySQL\MySQL Server 8.0\bin;;C:\Program Files\Docker\Docker\resources\bin;C:\Users\Ammar\.pyenv\pyenv-win;C:\Users\Ammar\.pyenv\pyenv-win\bin;C:\Users\Ammar\AppData\Local\Programs\Microsoft VS Code\bin;C:\Users\Ammar\.dotnet\tools;C:\Users\Ammar\AppData\Local\Programs\cursor\resources\app\bin
USERNAME=DellG15
OS=Windows_NT
PROCESSOR_IDENTIFIER=Intel64 Family 6 Model 141 Stepping 1, GenuineIntel
TMP=C:\Users\Ammar\AppData\Local\Temp
TEMP=C:\Users\Ammar\AppData\Local\Temp




Periodic native trim disabled

---------------  S Y S T E M  ---------------

OS:
 Windows 11 , 64 bit Build 26100 (10.0.26100.8328)
OS uptime: 0 days 3:59 hours
Hyper-V role detected

CPU: total 16 (initial active 16) (8 cores per cpu, 2 threads per core) family 6 model 141 stepping 1 microcode 0x58, cx8, cmov, fxsr, ht, mmx, 3dnowpref, sse, sse2, sse3, ssse3, sse4.1, sse4.2, popcnt, lzcnt, tsc, tscinvbit, avx, avx2, aes, erms, clmul, bmi1, bmi2, adx, avx512f, avx512dq, avx512cd, avx512bw, avx512vl, sha, fma, vzeroupper, avx512_vpopcntdq, avx512_vpclmulqdq, avx512_vaes, avx512_vnni, clflush, clflushopt, clwb, avx512_vbmi2, avx512_vbmi, hv, rdtscp, rdpid, fsrm, gfni, avx512_bitalg, f16c, cet_ibt, cet_ss, avx512_ifma
Processor Information for the first 16 processors :
  Max Mhz: 2304, Current Mhz: 2304, Mhz Limit: 2304

Memory: 4k page, system-wide physical 16114M (969M free)
TotalPageFile size 28402M (AvailPageFile size 21M)
current process WorkingSet (physical memory assigned to process): 222M, peak: 242M
current process commit charge ("private bytes"): 346M, peak: 368M

vm_info: OpenJDK 64-Bit Server VM (21.0.10+7-LTS) for windows-amd64 JRE (21.0.10+7-LTS), built on 2026-01-20T00:00:00Z by "admin" with MS VC++ 17.12 (VS2022)

END.
