2026-04-24T04:54:24.914-04:00  INFO 284243 --- [demo] [restartedMain] com.example.demo.DemoApplication         : Starting DemoApplication using Java 23.0.1 with PID 284243 (/home/omar-so/Desktop/ML/TranslationService/Translation/build/classes/java/main started by omar-so in /home/omar-so/Desktop/ML/TranslationService/Translation)
2026-04-24T04:54:24.928-04:00  INFO 284243 --- [demo] [restartedMain] com.example.demo.DemoApplication         : No active profile set, falling back to 1 default profile: "default"
2026-04-24T04:54:25.065-04:00  INFO 284243 --- [demo] [restartedMain] .e.DevToolsPropertyDefaultsPostProcessor : Devtools property defaults active! Set 'spring.devtools.add-properties' to 'false' to disable
2026-04-24T04:54:25.066-04:00  INFO 284243 --- [demo] [restartedMain] .e.DevToolsPropertyDefaultsPostProcessor : For additional web related logging consider setting the 'logging.level.web' property to 'DEBUG'
2026-04-24T04:54:27.044-04:00  INFO 284243 --- [demo] [restartedMain] .s.d.r.c.RepositoryConfigurationDelegate : Multiple Spring Data modules found, entering strict repository configuration mode
2026-04-24T04:54:27.049-04:00  INFO 284243 --- [demo] [restartedMain] .s.d.r.c.RepositoryConfigurationDelegate : Bootstrapping Spring Data JPA repositories in DEFAULT mode.
2026-04-24T04:54:27.382-04:00  INFO 284243 --- [demo] [restartedMain] .s.d.r.c.RepositoryConfigurationDelegate : Finished Spring Data repository scanning in 314 ms. Found 5 JPA repository interfaces.
2026-04-24T04:54:27.419-04:00  INFO 284243 --- [demo] [restartedMain] .s.d.r.c.RepositoryConfigurationDelegate : Multiple Spring Data modules found, entering strict repository configuration mode
2026-04-24T04:54:27.421-04:00  INFO 284243 --- [demo] [restartedMain] .s.d.r.c.RepositoryConfigurationDelegate : Bootstrapping Spring Data Redis repositories in DEFAULT mode.
2026-04-24T04:54:27.459-04:00  INFO 284243 --- [demo] [restartedMain] .RepositoryConfigurationExtensionSupport : Spring Data Redis - Could not safely identify store assignment for repository candidate interface com.example.demo.repoistery.AdminRepository; If you want this repository to be a Redis repository, consider annotating your entities with one of these annotations: org.springframework.data.redis.core.RedisHash (preferred), or consider extending one of the following types with your repository: org.springframework.data.keyvalue.repository.KeyValueRepository
2026-04-24T04:54:27.461-04:00  INFO 284243 --- [demo] [restartedMain] .RepositoryConfigurationExtensionSupport : Spring Data Redis - Could not safely identify store assignment for repository candidate interface com.example.demo.repoistery.AuthRepository; If you want this repository to be a Redis repository, consider annotating your entities with one of these annotations: org.springframework.data.redis.core.RedisHash (preferred), or consider extending one of the following types with your repository: org.springframework.data.keyvalue.repository.KeyValueRepository
2026-04-24T04:54:27.462-04:00  INFO 284243 --- [demo] [restartedMain] .RepositoryConfigurationExtensionSupport : Spring Data Redis - Could not safely identify store assignment for repository candidate interface com.example.demo.repoistery.ImageRepository; If you want this repository to be a Redis repository, consider annotating your entities with one of these annotations: org.springframework.data.redis.core.RedisHash (preferred), or consider extending one of the following types with your repository: org.springframework.data.keyvalue.repository.KeyValueRepository
2026-04-24T04:54:27.463-04:00  INFO 284243 --- [demo] [restartedMain] .RepositoryConfigurationExtensionSupport : Spring Data Redis - Could not safely identify store assignment for repository candidate interface com.example.demo.repoistery.ReportRepository; If you want this repository to be a Redis repository, consider annotating your entities with one of these annotations: org.springframework.data.redis.core.RedisHash (preferred), or consider extending one of the following types with your repository: org.springframework.data.keyvalue.repository.KeyValueRepository
2026-04-24T04:54:27.464-04:00  INFO 284243 --- [demo] [restartedMain] .RepositoryConfigurationExtensionSupport : Spring Data Redis - Could not safely identify store assignment for repository candidate interface com.example.demo.repoistery.UserRepository; If you want this repository to be a Redis repository, consider annotating your entities with one of these annotations: org.springframework.data.redis.core.RedisHash (preferred), or consider extending one of the following types with your repository: org.springframework.data.keyvalue.repository.KeyValueRepository
2026-04-24T04:54:27.464-04:00  INFO 284243 --- [demo] [restartedMain] .s.d.r.c.RepositoryConfigurationDelegate : Finished Spring Data repository scanning in 23 ms. Found 0 Redis repository interfaces.
2026-04-24T04:54:28.931-04:00  INFO 284243 --- [demo] [restartedMain] o.s.b.w.embedded.tomcat.TomcatWebServer  : Tomcat initialized with port 8080 (http)
2026-04-24T04:54:28.961-04:00  INFO 284243 --- [demo] [restartedMain] o.apache.catalina.core.StandardService   : Starting service [Tomcat]
2026-04-24T04:54:28.962-04:00  INFO 284243 --- [demo] [restartedMain] o.apache.catalina.core.StandardEngine    : Starting Servlet engine: [Apache Tomcat/10.1.36]
2026-04-24T04:54:29.028-04:00  INFO 284243 --- [demo] [restartedMain] o.a.c.c.C.[Tomcat].[localhost].[/]       : Initializing Spring embedded WebApplicationContext
2026-04-24T04:54:29.029-04:00  INFO 284243 --- [demo] [restartedMain] w.s.c.ServletWebServerApplicationContext : Root WebApplicationContext: initialization completed in 3961 ms
2026-04-24T04:54:29.391-04:00  INFO 284243 --- [demo] [restartedMain] o.hibernate.jpa.internal.util.LogHelper  : HHH000204: Processing PersistenceUnitInfo [name: default]
2026-04-24T04:54:29.484-04:00  INFO 284243 --- [demo] [restartedMain] org.hibernate.Version                    : HHH000412: Hibernate ORM core version 6.6.8.Final
2026-04-24T04:54:29.548-04:00  INFO 284243 --- [demo] [restartedMain] o.h.c.internal.RegionFactoryInitiator    : HHH000026: Second-level cache disabled
2026-04-24T04:54:30.047-04:00  INFO 284243 --- [demo] [restartedMain] o.s.o.j.p.SpringPersistenceUnitInfo      : No LoadTimeWeaver setup: ignoring JPA class transformer
2026-04-24T04:54:30.121-04:00  INFO 284243 --- [demo] [restartedMain] com.zaxxer.hikari.HikariDataSource       : HikariPool-1 - Starting...
2026-04-24T04:54:31.368-04:00  INFO 284243 --- [demo] [restartedMain] com.zaxxer.hikari.pool.HikariPool        : HikariPool-1 - Added connection com.mysql.cj.jdbc.ConnectionImpl@4bddc78c
2026-04-24T04:54:31.374-04:00  INFO 284243 --- [demo] [restartedMain] com.zaxxer.hikari.HikariDataSource       : HikariPool-1 - Start completed.
2026-04-24T04:54:32.337-04:00  WARN 284243 --- [demo] [restartedMain] o.h.e.j.e.i.JdbcEnvironmentInitiator     : HHH000339: Could not obtain connection metadata: java.sql.SQLSyntaxErrorException: Unknown column 'RESERVED' in 'WHERE'
2026-04-24T04:54:32.467-04:00  WARN 284243 --- [demo] [restartedMain] org.hibernate.orm.deprecation            : HHH90000025: MySQLDialect does not need to be specified explicitly using 'hibernate.dialect' (remove the property setting and it will be selected by default)
2026-04-24T04:54:32.541-04:00  INFO 284243 --- [demo] [restartedMain] org.hibernate.orm.connections.pooling    : HHH10001005: Database info:
	Database JDBC URL [Connecting through datasource 'HikariDataSource (HikariPool-1)']
	Database driver: undefined/unknown
	Database version: 8.0
	Autocommit mode: undefined/unknown
	Isolation level: undefined/unknown
	Minimum pool size: undefined/unknown
	Maximum pool size: undefined/unknown
2026-04-24T04:54:35.676-04:00  INFO 284243 --- [demo] [restartedMain] o.h.e.t.j.p.i.JtaPlatformInitiator       : HHH000489: No JTA platform available (set 'hibernate.transaction.jta.platform' to enable JTA platform integration)
2026-04-24T04:54:36.057-04:00  INFO 284243 --- [demo] [restartedMain] j.LocalContainerEntityManagerFactoryBean : Initialized JPA EntityManagerFactory for persistence unit 'default'
2026-04-24T04:54:37.584-04:00  INFO 284243 --- [demo] [restartedMain] o.s.d.j.r.query.QueryEnhancerFactory     : Hibernate is in classpath; If applicable, HQL parser will be used.
2026-04-24T04:54:40.052-04:00  INFO 284243 --- [demo] [restartedMain] eAuthenticationProviderManagerConfigurer : Global AuthenticationManager configured with AuthenticationProvider bean with name authenticationProvider
2026-04-24T04:54:40.055-04:00  WARN 284243 --- [demo] [restartedMain] r$InitializeUserDetailsManagerConfigurer : Global AuthenticationManager configured with an AuthenticationProvider bean. UserDetailsService beans will not be used by Spring Security for automatically configuring username/password login. Consider removing the AuthenticationProvider bean. Alternatively, consider using the UserDetailsService in a manually instantiated DaoAuthenticationProvider. If the current configuration is intentional, to turn off this warning, increase the logging level of 'org.springframework.security.config.annotation.authentication.configuration.InitializeUserDetailsBeanManagerConfigurer' to ERROR
2026-04-24T04:54:41.481-04:00  WARN 284243 --- [demo] [restartedMain] JpaBaseConfiguration$JpaWebConfiguration : spring.jpa.open-in-view is enabled by default. Therefore, database queries may be performed during view rendering. Explicitly configure spring.jpa.open-in-view to disable this warning
2026-04-24T04:54:43.862-04:00  INFO 284243 --- [demo] [restartedMain] o.s.b.d.a.OptionalLiveReloadServer       : LiveReload server is running on port 35729
2026-04-24T04:54:43.964-04:00  INFO 284243 --- [demo] [restartedMain] o.s.b.w.embedded.tomcat.TomcatWebServer  : Tomcat started on port 8080 (http) with context path '/'
2026-04-24T04:54:45.836-04:00  INFO 284243 --- [demo] [restartedMain] com.example.demo.DemoApplication         : Started DemoApplication in 21.77 seconds (process running for 22.763)
2026-04-24T04:55:01.595-04:00  INFO 284243 --- [demo] [tomcat-handler-0] o.a.c.c.C.[Tomcat].[localhost].[/]       : Initializing Spring DispatcherServlet 'dispatcherServlet'
2026-04-24T04:55:01.597-04:00  INFO 284243 --- [demo] [tomcat-handler-0] o.s.web.servlet.DispatcherServlet        : Initializing Servlet 'dispatcherServlet'
2026-04-24T04:55:01.604-04:00  INFO 284243 --- [demo] [tomcat-handler-0] o.s.web.servlet.DispatcherServlet        : Completed initialization in 6 ms
2026-04-24T04:55:06.096-04:00  INFO 284243 --- [demo] [tomcat-handler-8] o.springdoc.api.AbstractOpenApiResource  : Init duration for springdoc-openapi is: 2488 ms
2026-04-24T04:55:45.314-04:00  INFO 284243 --- [demo] [tomcat-handler-9] c.example.demo.Aop.GlobalLoggingAspect   : ➔ [EXECUTION START] AuthController.registerUser | Args: [Users(id=null, username=testuser1, email=test@test.com, password=123456, role=null, permission=null, images=null)]
2026-04-24T04:55:45.317-04:00  INFO 284243 --- [demo] [tomcat-handler-9] c.example.demo.Aop.GlobalLoggingAspect   : ➔ [EXECUTION START] AuthService.registerUser | Args: [Users(id=null, username=testuser1, email=test@test.com, password=123456, role=USER, permission=null, images=null)]
2026-04-24T04:55:46.549-04:00  INFO 284243 --- [demo] [tomcat-handler-9] c.example.demo.Aop.GlobalLoggingAspect   : ✓ [EXECUTION END] AuthService.registerUser | Time: 1231ms
2026-04-24T04:55:46.551-04:00  INFO 284243 --- [demo] [tomcat-handler-9] c.example.demo.Aop.GlobalLoggingAspect   : ✓ [EXECUTION END] AuthController.registerUser | Time: 1234ms
2026-04-24T04:55:57.795-04:00  INFO 284243 --- [demo] [tomcat-handler-10] c.example.demo.Aop.GlobalLoggingAspect   : ➔ [EXECUTION START] AuthController.loginUser | Args: [Users(id=null, username=testuser1, email=null, password=123456, role=null, permission=null, images=null)]
2026-04-24T04:55:57.797-04:00  INFO 284243 --- [demo] [tomcat-handler-10] c.example.demo.Aop.GlobalLoggingAspect   : ➔ [EXECUTION START] AuthService.verify | Args: [Users(id=null, username=testuser1, email=null, password=123456, role=null, permission=null, images=null)]
2026-04-24T04:55:58.018-04:00  INFO 284243 --- [demo] [tomcat-handler-10] c.example.demo.Aop.GlobalLoggingAspect   : ➔ [EXECUTION START] UserDetailService.loadUserByUsername | Args: [testuser1]
2026-04-24T04:55:58.050-04:00  INFO 284243 --- [demo] [tomcat-handler-10] c.example.demo.Aop.GlobalLoggingAspect   : ✓ [EXECUTION END] UserDetailService.loadUserByUsername | Time: 32ms
2026-04-24T04:55:58.743-04:00  INFO 284243 --- [demo] [tomcat-handler-10] c.example.demo.Aop.GlobalLoggingAspect   : ➔ [EXECUTION START] JwtService.generateToken | Args: [{Role=null}, testuser1]
2026-04-24T04:55:58.867-04:00  INFO 284243 --- [demo] [tomcat-handler-10] c.example.demo.Aop.GlobalLoggingAspect   : ✓ [EXECUTION END] JwtService.generateToken | Time: 123ms
2026-04-24T04:55:58.867-04:00  INFO 284243 --- [demo] [tomcat-handler-10] c.example.demo.Aop.GlobalLoggingAspect   : ✓ [EXECUTION END] AuthService.verify | Time: 1069ms
2026-04-24T04:55:58.867-04:00  INFO 284243 --- [demo] [tomcat-handler-10] c.example.demo.Aop.GlobalLoggingAspect   : ✓ [EXECUTION END] AuthController.loginUser | Time: 1071ms
2026-04-24T04:56:25.045-04:00  INFO 284243 --- [demo] [tomcat-handler-14] c.example.demo.Aop.GlobalLoggingAspect   : ➔ [EXECUTION START] JwtService.extractUsername | Args: [eyJhbGciOiJIUzUxMiJ9.eyJzdWIiOiJ0ZXN0dXNlcjEiLCJpYXQiOjE3NzcwMjA5NTgsImV4cCI6MTc3NzEwNzM1OH0.1uPLv9c5l5darhzmGPqnXRerVj1H_HNeAwgu0bpZh0mZQzaPz9BDp8synVpX815fg25koieus0VN3Z9Qdd52XA]
2026-04-24T04:56:25.140-04:00  INFO 284243 --- [demo] [tomcat-handler-14] c.example.demo.Aop.GlobalLoggingAspect   : ✓ [EXECUTION END] JwtService.extractUsername | Time: 93ms
2026-04-24T04:56:25.142-04:00  INFO 284243 --- [demo] [tomcat-handler-14] c.example.demo.Aop.GlobalLoggingAspect   : ➔ [EXECUTION START] UserDetailService.loadUserByUsername | Args: [testuser1]
2026-04-24T04:56:25.351-04:00  INFO 284243 --- [demo] [tomcat-handler-14] c.example.demo.Aop.GlobalLoggingAspect   : ✓ [EXECUTION END] UserDetailService.loadUserByUsername | Time: 208ms
2026-04-24T04:56:25.352-04:00  INFO 284243 --- [demo] [tomcat-handler-14] c.example.demo.Aop.GlobalLoggingAspect   : ➔ [EXECUTION START] JwtService.isTokenValid | Args: [eyJhbGciOiJIUzUxMiJ9.eyJzdWIiOiJ0ZXN0dXNlcjEiLCJpYXQiOjE3NzcwMjA5NTgsImV4cCI6MTc3NzEwNzM1OH0.1uPLv9c5l5darhzmGPqnXRerVj1H_HNeAwgu0bpZh0mZQzaPz9BDp8synVpX815fg25koieus0VN3Z9Qdd52XA, com.example.demo.Entitty.UserPrinciple@7b09a7a1]
2026-04-24T04:56:25.359-04:00  INFO 284243 --- [demo] [tomcat-handler-14] c.example.demo.Aop.GlobalLoggingAspect   : ✓ [EXECUTION END] JwtService.isTokenValid | Time: 7ms
2026-04-24T04:56:25.371-04:00  INFO 284243 --- [demo] [tomcat-handler-14] c.example.demo.Aop.GlobalLoggingAspect   : ➔ [EXECUTION START] UserController.openStream | Args: [UsernamePasswordAuthenticationToken [Principal=com.example.demo.Entitty.UserPrinciple@7b09a7a1, Credentials=[PROTECTED], Authenticated=true, Details=WebAuthenticationDetails [RemoteIpAddress=0:0:0:0:0:0:0:1, SessionId=null], Granted Authorities=[ROLE_USER]]]
2026-04-24T04:56:25.374-04:00  INFO 284243 --- [demo] [tomcat-handler-14] c.example.demo.Aop.GlobalLoggingAspect   : ➔ [EXECUTION START] EmitterService.create | Args: [1]
2026-04-24T04:56:25.382-04:00  INFO 284243 --- [demo] [tomcat-handler-14] c.example.demo.Aop.GlobalLoggingAspect   : ✓ [EXECUTION END] EmitterService.create | Time: 8ms
2026-04-24T04:56:25.384-04:00  INFO 284243 --- [demo] [tomcat-handler-14] c.example.demo.Aop.GlobalLoggingAspect   : ✓ [EXECUTION END] UserController.openStream | Time: 11ms
2026-04-24T04:56:41.746-04:00  INFO 284243 --- [demo] [tomcat-handler-15] c.example.demo.Aop.GlobalLoggingAspect   : ➔ [EXECUTION START] JwtService.extractUsername | Args: [eyJhbGciOiJIUzUxMiJ9.eyJzdWIiOiJ0ZXN0dXNlcjEiLCJpYXQiOjE3NzcwMjA5NTgsImV4cCI6MTc3NzEwNzM1OH0.1uPLv9c5l5darhzmGPqnXRerVj1H_HNeAwgu0bpZh0mZQzaPz9BDp8synVpX815fg25koieus0VN3Z9Qdd52XA]
2026-04-24T04:56:41.748-04:00  INFO 284243 --- [demo] [tomcat-handler-15] c.example.demo.Aop.GlobalLoggingAspect   : ✓ [EXECUTION END] JwtService.extractUsername | Time: 2ms
2026-04-24T04:56:41.748-04:00  INFO 284243 --- [demo] [tomcat-handler-15] c.example.demo.Aop.GlobalLoggingAspect   : ➔ [EXECUTION START] UserDetailService.loadUserByUsername | Args: [testuser1]
2026-04-24T04:56:41.758-04:00  INFO 284243 --- [demo] [tomcat-handler-15] c.example.demo.Aop.GlobalLoggingAspect   : ✓ [EXECUTION END] UserDetailService.loadUserByUsername | Time: 9ms
2026-04-24T04:56:41.759-04:00  INFO 284243 --- [demo] [tomcat-handler-15] c.example.demo.Aop.GlobalLoggingAspect   : ➔ [EXECUTION START] JwtService.isTokenValid | Args: [eyJhbGciOiJIUzUxMiJ9.eyJzdWIiOiJ0ZXN0dXNlcjEiLCJpYXQiOjE3NzcwMjA5NTgsImV4cCI6MTc3NzEwNzM1OH0.1uPLv9c5l5darhzmGPqnXRerVj1H_HNeAwgu0bpZh0mZQzaPz9BDp8synVpX815fg25koieus0VN3Z9Qdd52XA, com.example.demo.Entitty.UserPrinciple@46deffd4]
2026-04-24T04:56:41.763-04:00  INFO 284243 --- [demo] [tomcat-handler-15] c.example.demo.Aop.GlobalLoggingAspect   : ✓ [EXECUTION END] JwtService.isTokenValid | Time: 4ms
2026-04-24T04:56:41.839-04:00  INFO 284243 --- [demo] [tomcat-handler-15] c.example.demo.Aop.GlobalLoggingAspect   : ➔ [EXECUTION START] UserController.uploadImage | Args: [en, org.springframework.web.multipart.support.StandardMultipartHttpServletRequest$StandardMultipartFile@384a3e39]
2026-04-24T04:56:41.841-04:00  INFO 284243 --- [demo] [tomcat-handler-15] c.example.demo.Aop.GlobalLoggingAspect   : ➔ [EXECUTION START] UsersService.uploadAndQueue | Args: [org.springframework.web.multipart.support.StandardMultipartHttpServletRequest$StandardMultipartFile@384a3e39, en]
2026-04-24T04:56:45.527-04:00  INFO 284243 --- [demo] [tomcat-handler-15] c.example.demo.Aop.GlobalLoggingAspect   : ✓ [EXECUTION END] UsersService.uploadAndQueue | Time: 3684ms
2026-04-24T04:56:45.529-04:00  INFO 284243 --- [demo] [tomcat-handler-15] c.example.demo.Aop.GlobalLoggingAspect   : ✓ [EXECUTION END] UserController.uploadImage | Time: 3689ms
2026-04-24T04:56:46.574-04:00  INFO 284243 --- [demo] [redisContainer-1] c.example.demo.Aop.GlobalLoggingAspect   : ➔ [EXECUTION START] ResultSubscriber.onMessage | Args: [{"user_id": "1", "image_url": "https://res.cloudinary.com/djiotyroa/image/upload/v1776980413/my_app_uploads/3.png.png", "image_id": "1"}, [B@265aff76]
2026-04-24T04:56:46.769-04:00  INFO 284243 --- [demo] [redisContainer-1] c.example.demo.Aop.GlobalLoggingAspect   : ➔ [EXECUTION START] EmitterService.send | Args: [1, {processedUrl=https://res.cloudinary.com/djiotyroa/image/upload/v1776980413/my_app_uploads/3.png.png, status=DONE, imageId=1}]
2026-04-24T04:56:46.783-04:00  INFO 284243 --- [demo] [redisContainer-1] c.example.demo.Aop.GlobalLoggingAspect   : ✓ [EXECUTION END] EmitterService.send | Time: 13ms
2026-04-24T04:56:46.785-04:00  INFO 284243 --- [demo] [redisContainer-1] c.example.demo.Aop.GlobalLoggingAspect   : ✓ [EXECUTION END] ResultSubscriber.onMessage | Time: 210ms
2026-04-24T04:57:44.527-04:00  INFO 284243 --- [demo] [tomcat-handler-17] c.example.demo.Aop.GlobalLoggingAspect   : ➔ [EXECUTION START] JwtService.extractUsername | Args: [eyJhbGciOiJIUzUxMiJ9.eyJzdWIiOiJ0ZXN0dXNlcjEiLCJpYXQiOjE3NzcwMjA5NTgsImV4cCI6MTc3NzEwNzM1OH0.1uPLv9c5l5darhzmGPqnXRerVj1H_HNeAwgu0bpZh0mZQzaPz9BDp8synVpX815fg25koieus0VN3Z9Qdd52XA]
2026-04-24T04:57:44.531-04:00  INFO 284243 --- [demo] [tomcat-handler-17] c.example.demo.Aop.GlobalLoggingAspect   : ✓ [EXECUTION END] JwtService.extractUsername | Time: 2ms
2026-04-24T04:57:44.531-04:00  INFO 284243 --- [demo] [tomcat-handler-17] c.example.demo.Aop.GlobalLoggingAspect   : ➔ [EXECUTION START] UserDetailService.loadUserByUsername | Args: [testuser1]
2026-04-24T04:57:44.542-04:00  INFO 284243 --- [demo] [tomcat-handler-17] c.example.demo.Aop.GlobalLoggingAspect   : ✓ [EXECUTION END] UserDetailService.loadUserByUsername | Time: 10ms
2026-04-24T04:57:44.543-04:00  INFO 284243 --- [demo] [tomcat-handler-17] c.example.demo.Aop.GlobalLoggingAspect   : ➔ [EXECUTION START] JwtService.isTokenValid | Args: [eyJhbGciOiJIUzUxMiJ9.eyJzdWIiOiJ0ZXN0dXNlcjEiLCJpYXQiOjE3NzcwMjA5NTgsImV4cCI6MTc3NzEwNzM1OH0.1uPLv9c5l5darhzmGPqnXRerVj1H_HNeAwgu0bpZh0mZQzaPz9BDp8synVpX815fg25koieus0VN3Z9Qdd52XA, com.example.demo.Entitty.UserPrinciple@74d4de14]
2026-04-24T04:57:44.547-04:00  INFO 284243 --- [demo] [tomcat-handler-17] c.example.demo.Aop.GlobalLoggingAspect   : ✓ [EXECUTION END] JwtService.isTokenValid | Time: 3ms
2026-04-24T04:57:44.620-04:00  WARN 284243 --- [demo] [tomcat-handler-17] .m.m.a.ExceptionHandlerExceptionResolver : Resolved [org.springframework.http.converter.HttpMessageNotReadableException: JSON parse error: Unexpected character ('}' (code 125)): was expecting double-quote to start field name]
2026-04-24T04:59:51.122-04:00  INFO 284243 --- [demo] [tomcat-handler-19] c.example.demo.Aop.GlobalLoggingAspect   : ➔ [EXECUTION START] JwtService.extractUsername | Args: [eyJhbGciOiJIUzUxMiJ9.eyJzdWIiOiJ0ZXN0dXNlcjEiLCJpYXQiOjE3NzcwMjA5NTgsImV4cCI6MTc3NzEwNzM1OH0.1uPLv9c5l5darhzmGPqnXRerVj1H_HNeAwgu0bpZh0mZQzaPz9BDp8synVpX815fg25koieus0VN3Z9Qdd52XA]
2026-04-24T04:59:51.129-04:00  INFO 284243 --- [demo] [tomcat-handler-19] c.example.demo.Aop.GlobalLoggingAspect   : ✓ [EXECUTION END] JwtService.extractUsername | Time: 5ms
2026-04-24T04:59:51.130-04:00  INFO 284243 --- [demo] [tomcat-handler-19] c.example.demo.Aop.GlobalLoggingAspect   : ➔ [EXECUTION START] UserDetailService.loadUserByUsername | Args: [testuser1]
2026-04-24T04:59:51.148-04:00  INFO 284243 --- [demo] [tomcat-handler-19] c.example.demo.Aop.GlobalLoggingAspect   : ✓ [EXECUTION END] UserDetailService.loadUserByUsername | Time: 17ms
2026-04-24T04:59:51.150-04:00  INFO 284243 --- [demo] [tomcat-handler-19] c.example.demo.Aop.GlobalLoggingAspect   : ➔ [EXECUTION START] JwtService.isTokenValid | Args: [eyJhbGciOiJIUzUxMiJ9.eyJzdWIiOiJ0ZXN0dXNlcjEiLCJpYXQiOjE3NzcwMjA5NTgsImV4cCI6MTc3NzEwNzM1OH0.1uPLv9c5l5darhzmGPqnXRerVj1H_HNeAwgu0bpZh0mZQzaPz9BDp8synVpX815fg25koieus0VN3Z9Qdd52XA, com.example.demo.Entitty.UserPrinciple@4e4efc95]
2026-04-24T04:59:51.154-04:00  INFO 284243 --- [demo] [tomcat-handler-19] c.example.demo.Aop.GlobalLoggingAspect   : ✓ [EXECUTION END] JwtService.isTokenValid | Time: 2ms
2026-04-24T04:59:51.231-04:00  INFO 284243 --- [demo] [tomcat-handler-19] c.example.demo.Aop.GlobalLoggingAspect   : ➔ [EXECUTION START] UserController.createReport | Args: [1, Reports(id=null, failureType=string, description=string, createdAt=null, resolved=false, image=null)]
2026-04-24T04:59:51.234-04:00  INFO 284243 --- [demo] [tomcat-handler-19] c.example.demo.Aop.GlobalLoggingAspect   : ➔ [EXECUTION START] UsersService.createReport | Args: [1, Reports(id=null, failureType=string, description=string, createdAt=null, resolved=false, image=null)]
2026-04-24T04:59:51.786-04:00  INFO 284243 --- [demo] [tomcat-handler-19] c.example.demo.Aop.GlobalLoggingAspect   : ✓ [EXECUTION END] UsersService.createReport | Time: 552ms
2026-04-24T04:59:51.787-04:00  INFO 284243 --- [demo] [tomcat-handler-19] c.example.demo.Aop.GlobalLoggingAspect   : ✓ [EXECUTION END] UserController.createReport | Time: 555ms
2026-04-24T05:00:04.523-04:00  INFO 284243 --- [demo] [SpringApplicationShutdownHook] o.s.b.w.e.tomcat.GracefulShutdown        : Commencing graceful shutdown. Waiting for active requests to complete
2026-04-24T05:00:04.566-04:00  INFO 284243 --- [demo] [tomcat-shutdown] o.s.b.w.e.tomcat.GracefulShutdown        : Graceful shutdown complete
2026-04-24T05:00:04.763-04:00  INFO 284243 --- [demo] [SpringApplicationShutdownHook] j.LocalContainerEntityManagerFactoryBean : Closing JPA EntityManagerFactory for persistence unit 'default'
2026-04-24T05:00:04.840-04:00  INFO 284243 --- [demo] [SpringApplicationShutdownHook] com.zaxxer.hikari.HikariDataSource       : HikariPool-1 - Shutdown initiated...
2026-04-24T05:00:05.008-04:00  INFO 284243 --- [demo] [SpringApplicationShutdownHook] com.zaxxer.hikari.HikariDataSource       : HikariPool-1 - Shutdown completed.
2026-04-24T05:10:03.091-04:00  INFO 288662 --- [demo] [restartedMain] com.example.demo.DemoApplication         : Starting DemoApplication using Java 23.0.1 with PID 288662 (/home/omar-so/Desktop/ML/TranslationService/Translation/build/classes/java/main started by omar-so in /home/omar-so/Desktop/ML/TranslationService/Translation)
2026-04-24T05:10:03.097-04:00  INFO 288662 --- [demo] [restartedMain] com.example.demo.DemoApplication         : No active profile set, falling back to 1 default profile: "default"
2026-04-24T05:10:03.310-04:00  INFO 288662 --- [demo] [restartedMain] .e.DevToolsPropertyDefaultsPostProcessor : Devtools property defaults active! Set 'spring.devtools.add-properties' to 'false' to disable
2026-04-24T05:10:03.311-04:00  INFO 288662 --- [demo] [restartedMain] .e.DevToolsPropertyDefaultsPostProcessor : For additional web related logging consider setting the 'logging.level.web' property to 'DEBUG'
2026-04-24T05:10:05.290-04:00  INFO 288662 --- [demo] [restartedMain] .s.d.r.c.RepositoryConfigurationDelegate : Multiple Spring Data modules found, entering strict repository configuration mode
2026-04-24T05:10:05.293-04:00  INFO 288662 --- [demo] [restartedMain] .s.d.r.c.RepositoryConfigurationDelegate : Bootstrapping Spring Data JPA repositories in DEFAULT mode.
2026-04-24T05:10:05.597-04:00  INFO 288662 --- [demo] [restartedMain] .s.d.r.c.RepositoryConfigurationDelegate : Finished Spring Data repository scanning in 287 ms. Found 5 JPA repository interfaces.
2026-04-24T05:10:05.635-04:00  INFO 288662 --- [demo] [restartedMain] .s.d.r.c.RepositoryConfigurationDelegate : Multiple Spring Data modules found, entering strict repository configuration mode
2026-04-24T05:10:05.638-04:00  INFO 288662 --- [demo] [restartedMain] .s.d.r.c.RepositoryConfigurationDelegate : Bootstrapping Spring Data Redis repositories in DEFAULT mode.
2026-04-24T05:10:05.678-04:00  INFO 288662 --- [demo] [restartedMain] .RepositoryConfigurationExtensionSupport : Spring Data Redis - Could not safely identify store assignment for repository candidate interface com.example.demo.repoistery.AdminRepository; If you want this repository to be a Redis repository, consider annotating your entities with one of these annotations: org.springframework.data.redis.core.RedisHash (preferred), or consider extending one of the following types with your repository: org.springframework.data.keyvalue.repository.KeyValueRepository
2026-04-24T05:10:05.681-04:00  INFO 288662 --- [demo] [restartedMain] .RepositoryConfigurationExtensionSupport : Spring Data Redis - Could not safely identify store assignment for repository candidate interface com.example.demo.repoistery.AuthRepository; If you want this repository to be a Redis repository, consider annotating your entities with one of these annotations: org.springframework.data.redis.core.RedisHash (preferred), or consider extending one of the following types with your repository: org.springframework.data.keyvalue.repository.KeyValueRepository
2026-04-24T05:10:05.682-04:00  INFO 288662 --- [demo] [restartedMain] .RepositoryConfigurationExtensionSupport : Spring Data Redis - Could not safely identify store assignment for repository candidate interface com.example.demo.repoistery.ImageRepository; If you want this repository to be a Redis repository, consider annotating your entities with one of these annotations: org.springframework.data.redis.core.RedisHash (preferred), or consider extending one of the following types with your repository: org.springframework.data.keyvalue.repository.KeyValueRepository
2026-04-24T05:10:05.682-04:00  INFO 288662 --- [demo] [restartedMain] .RepositoryConfigurationExtensionSupport : Spring Data Redis - Could not safely identify store assignment for repository candidate interface com.example.demo.repoistery.ReportRepository; If you want this repository to be a Redis repository, consider annotating your entities with one of these annotations: org.springframework.data.redis.core.RedisHash (preferred), or consider extending one of the following types with your repository: org.springframework.data.keyvalue.repository.KeyValueRepository
2026-04-24T05:10:05.683-04:00  INFO 288662 --- [demo] [restartedMain] .RepositoryConfigurationExtensionSupport : Spring Data Redis - Could not safely identify store assignment for repository candidate interface com.example.demo.repoistery.UserRepository; If you want this repository to be a Redis repository, consider annotating your entities with one of these annotations: org.springframework.data.redis.core.RedisHash (preferred), or consider extending one of the following types with your repository: org.springframework.data.keyvalue.repository.KeyValueRepository
2026-04-24T05:10:05.684-04:00  INFO 288662 --- [demo] [restartedMain] .s.d.r.c.RepositoryConfigurationDelegate : Finished Spring Data repository scanning in 25 ms. Found 0 Redis repository interfaces.
2026-04-24T05:10:07.102-04:00  INFO 288662 --- [demo] [restartedMain] o.s.b.w.embedded.tomcat.TomcatWebServer  : Tomcat initialized with port 8080 (http)
2026-04-24T05:10:07.131-04:00  INFO 288662 --- [demo] [restartedMain] o.apache.catalina.core.StandardService   : Starting service [Tomcat]
2026-04-24T05:10:07.131-04:00  INFO 288662 --- [demo] [restartedMain] o.apache.catalina.core.StandardEngine    : Starting Servlet engine: [Apache Tomcat/10.1.36]
2026-04-24T05:10:07.208-04:00  INFO 288662 --- [demo] [restartedMain] o.a.c.c.C.[Tomcat].[localhost].[/]       : Initializing Spring embedded WebApplicationContext
2026-04-24T05:10:07.209-04:00  INFO 288662 --- [demo] [restartedMain] w.s.c.ServletWebServerApplicationContext : Root WebApplicationContext: initialization completed in 3897 ms
2026-04-24T05:10:07.534-04:00  INFO 288662 --- [demo] [restartedMain] o.hibernate.jpa.internal.util.LogHelper  : HHH000204: Processing PersistenceUnitInfo [name: default]
2026-04-24T05:10:07.621-04:00  INFO 288662 --- [demo] [restartedMain] org.hibernate.Version                    : HHH000412: Hibernate ORM core version 6.6.8.Final
2026-04-24T05:10:07.694-04:00  INFO 288662 --- [demo] [restartedMain] o.h.c.internal.RegionFactoryInitiator    : HHH000026: Second-level cache disabled
2026-04-24T05:10:08.178-04:00  INFO 288662 --- [demo] [restartedMain] o.s.o.j.p.SpringPersistenceUnitInfo      : No LoadTimeWeaver setup: ignoring JPA class transformer
2026-04-24T05:10:08.230-04:00  INFO 288662 --- [demo] [restartedMain] com.zaxxer.hikari.HikariDataSource       : HikariPool-1 - Starting...
2026-04-24T05:10:08.991-04:00  INFO 288662 --- [demo] [restartedMain] com.zaxxer.hikari.pool.HikariPool        : HikariPool-1 - Added connection com.mysql.cj.jdbc.ConnectionImpl@3dd2deea
2026-04-24T05:10:08.995-04:00  INFO 288662 --- [demo] [restartedMain] com.zaxxer.hikari.HikariDataSource       : HikariPool-1 - Start completed.
2026-04-24T05:10:09.592-04:00  WARN 288662 --- [demo] [restartedMain] o.h.e.j.e.i.JdbcEnvironmentInitiator     : HHH000339: Could not obtain connection metadata: java.sql.SQLSyntaxErrorException: Unknown column 'RESERVED' in 'WHERE'
2026-04-24T05:10:09.620-04:00  WARN 288662 --- [demo] [restartedMain] org.hibernate.orm.deprecation            : HHH90000025: MySQLDialect does not need to be specified explicitly using 'hibernate.dialect' (remove the property setting and it will be selected by default)
2026-04-24T05:10:09.643-04:00  INFO 288662 --- [demo] [restartedMain] org.hibernate.orm.connections.pooling    : HHH10001005: Database info:
	Database JDBC URL [Connecting through datasource 'HikariDataSource (HikariPool-1)']
	Database driver: undefined/unknown
	Database version: 8.0
	Autocommit mode: undefined/unknown
	Isolation level: undefined/unknown
	Minimum pool size: undefined/unknown
	Maximum pool size: undefined/unknown
2026-04-24T05:10:12.693-04:00  INFO 288662 --- [demo] [restartedMain] o.h.e.t.j.p.i.JtaPlatformInitiator       : HHH000489: No JTA platform available (set 'hibernate.transaction.jta.platform' to enable JTA platform integration)
2026-04-24T05:10:13.155-04:00  INFO 288662 --- [demo] [restartedMain] j.LocalContainerEntityManagerFactoryBean : Initialized JPA EntityManagerFactory for persistence unit 'default'
2026-04-24T05:10:14.094-04:00  INFO 288662 --- [demo] [restartedMain] o.s.d.j.r.query.QueryEnhancerFactory     : Hibernate is in classpath; If applicable, HQL parser will be used.
2026-04-24T05:10:15.670-04:00  INFO 288662 --- [demo] [restartedMain] eAuthenticationProviderManagerConfigurer : Global AuthenticationManager configured with AuthenticationProvider bean with name authenticationProvider
2026-04-24T05:10:15.671-04:00  WARN 288662 --- [demo] [restartedMain] r$InitializeUserDetailsManagerConfigurer : Global AuthenticationManager configured with an AuthenticationProvider bean. UserDetailsService beans will not be used by Spring Security for automatically configuring username/password login. Consider removing the AuthenticationProvider bean. Alternatively, consider using the UserDetailsService in a manually instantiated DaoAuthenticationProvider. If the current configuration is intentional, to turn off this warning, increase the logging level of 'org.springframework.security.config.annotation.authentication.configuration.InitializeUserDetailsBeanManagerConfigurer' to ERROR
2026-04-24T05:10:17.147-04:00  WARN 288662 --- [demo] [restartedMain] JpaBaseConfiguration$JpaWebConfiguration : spring.jpa.open-in-view is enabled by default. Therefore, database queries may be performed during view rendering. Explicitly configure spring.jpa.open-in-view to disable this warning
2026-04-24T05:10:18.936-04:00  INFO 288662 --- [demo] [restartedMain] o.s.b.d.a.OptionalLiveReloadServer       : LiveReload server is running on port 35729
2026-04-24T05:10:18.999-04:00  INFO 288662 --- [demo] [restartedMain] o.s.b.w.embedded.tomcat.TomcatWebServer  : Tomcat started on port 8080 (http) with context path '/'
2026-04-24T05:10:20.059-04:00  INFO 288662 --- [demo] [restartedMain] com.example.demo.DemoApplication         : Started DemoApplication in 18.437 seconds (process running for 19.762)
2026-04-24T05:10:24.098-04:00  INFO 288662 --- [demo] [tomcat-handler-0] o.a.c.c.C.[Tomcat].[localhost].[/]       : Initializing Spring DispatcherServlet 'dispatcherServlet'
2026-04-24T05:10:24.100-04:00  INFO 288662 --- [demo] [tomcat-handler-0] o.s.web.servlet.DispatcherServlet        : Initializing Servlet 'dispatcherServlet'
2026-04-24T05:10:24.106-04:00  INFO 288662 --- [demo] [tomcat-handler-0] o.s.web.servlet.DispatcherServlet        : Completed initialization in 5 ms
2026-04-24T05:10:29.298-04:00  INFO 288662 --- [demo] [tomcat-handler-8] o.springdoc.api.AbstractOpenApiResource  : Init duration for springdoc-openapi is: 2840 ms
2026-04-24T05:10:45.916-04:00  INFO 288662 --- [demo] [SpringApplicationShutdownHook] o.s.b.w.e.tomcat.GracefulShutdown        : Commencing graceful shutdown. Waiting for active requests to complete
2026-04-24T05:10:45.927-04:00  INFO 288662 --- [demo] [tomcat-shutdown] o.s.b.w.e.tomcat.GracefulShutdown        : Graceful shutdown complete
2026-04-24T05:10:46.112-04:00  INFO 288662 --- [demo] [SpringApplicationShutdownHook] j.LocalContainerEntityManagerFactoryBean : Closing JPA EntityManagerFactory for persistence unit 'default'
2026-04-24T05:10:46.121-04:00  INFO 288662 --- [demo] [SpringApplicationShutdownHook] com.zaxxer.hikari.HikariDataSource       : HikariPool-1 - Shutdown initiated...
2026-04-24T05:10:46.150-04:00  INFO 288662 --- [demo] [SpringApplicationShutdownHook] com.zaxxer.hikari.HikariDataSource       : HikariPool-1 - Shutdown completed.
2026-04-24T05:10:53.438-04:00  INFO 289061 --- [demo] [restartedMain] com.example.demo.DemoApplication         : Starting DemoApplication using Java 23.0.1 with PID 289061 (/home/omar-so/Desktop/ML/TranslationService/Translation/build/classes/java/main started by omar-so in /home/omar-so/Desktop/ML/TranslationService/Translation)
2026-04-24T05:10:53.443-04:00  INFO 289061 --- [demo] [restartedMain] com.example.demo.DemoApplication         : No active profile set, falling back to 1 default profile: "default"
2026-04-24T05:10:53.598-04:00  INFO 289061 --- [demo] [restartedMain] .e.DevToolsPropertyDefaultsPostProcessor : Devtools property defaults active! Set 'spring.devtools.add-properties' to 'false' to disable
2026-04-24T05:10:53.599-04:00  INFO 289061 --- [demo] [restartedMain] .e.DevToolsPropertyDefaultsPostProcessor : For additional web related logging consider setting the 'logging.level.web' property to 'DEBUG'
2026-04-24T05:10:55.582-04:00  INFO 289061 --- [demo] [restartedMain] .s.d.r.c.RepositoryConfigurationDelegate : Multiple Spring Data modules found, entering strict repository configuration mode
2026-04-24T05:10:55.584-04:00  INFO 289061 --- [demo] [restartedMain] .s.d.r.c.RepositoryConfigurationDelegate : Bootstrapping Spring Data JPA repositories in DEFAULT mode.
2026-04-24T05:10:55.887-04:00  INFO 289061 --- [demo] [restartedMain] .s.d.r.c.RepositoryConfigurationDelegate : Finished Spring Data repository scanning in 285 ms. Found 5 JPA repository interfaces.
2026-04-24T05:10:55.928-04:00  INFO 289061 --- [demo] [restartedMain] .s.d.r.c.RepositoryConfigurationDelegate : Multiple Spring Data modules found, entering strict repository configuration mode
2026-04-24T05:10:55.930-04:00  INFO 289061 --- [demo] [restartedMain] .s.d.r.c.RepositoryConfigurationDelegate : Bootstrapping Spring Data Redis repositories in DEFAULT mode.
2026-04-24T05:10:55.965-04:00  INFO 289061 --- [demo] [restartedMain] .RepositoryConfigurationExtensionSupport : Spring Data Redis - Could not safely identify store assignment for repository candidate interface com.example.demo.repoistery.AdminRepository; If you want this repository to be a Redis repository, consider annotating your entities with one of these annotations: org.springframework.data.redis.core.RedisHash (preferred), or consider extending one of the following types with your repository: org.springframework.data.keyvalue.repository.KeyValueRepository
2026-04-24T05:10:55.969-04:00  INFO 289061 --- [demo] [restartedMain] .RepositoryConfigurationExtensionSupport : Spring Data Redis - Could not safely identify store assignment for repository candidate interface com.example.demo.repoistery.AuthRepository; If you want this repository to be a Redis repository, consider annotating your entities with one of these annotations: org.springframework.data.redis.core.RedisHash (preferred), or consider extending one of the following types with your repository: org.springframework.data.keyvalue.repository.KeyValueRepository
2026-04-24T05:10:55.970-04:00  INFO 289061 --- [demo] [restartedMain] .RepositoryConfigurationExtensionSupport : Spring Data Redis - Could not safely identify store assignment for repository candidate interface com.example.demo.repoistery.ImageRepository; If you want this repository to be a Redis repository, consider annotating your entities with one of these annotations: org.springframework.data.redis.core.RedisHash (preferred), or consider extending one of the following types with your repository: org.springframework.data.keyvalue.repository.KeyValueRepository
2026-04-24T05:10:55.970-04:00  INFO 289061 --- [demo] [restartedMain] .RepositoryConfigurationExtensionSupport : Spring Data Redis - Could not safely identify store assignment for repository candidate interface com.example.demo.repoistery.ReportRepository; If you want this repository to be a Redis repository, consider annotating your entities with one of these annotations: org.springframework.data.redis.core.RedisHash (preferred), or consider extending one of the following types with your repository: org.springframework.data.keyvalue.repository.KeyValueRepository
2026-04-24T05:10:55.971-04:00  INFO 289061 --- [demo] [restartedMain] .RepositoryConfigurationExtensionSupport : Spring Data Redis - Could not safely identify store assignment for repository candidate interface com.example.demo.repoistery.UserRepository; If you want this repository to be a Redis repository, consider annotating your entities with one of these annotations: org.springframework.data.redis.core.RedisHash (preferred), or consider extending one of the following types with your repository: org.springframework.data.keyvalue.repository.KeyValueRepository
2026-04-24T05:10:55.972-04:00  INFO 289061 --- [demo] [restartedMain] .s.d.r.c.RepositoryConfigurationDelegate : Finished Spring Data repository scanning in 23 ms. Found 0 Redis repository interfaces.
2026-04-24T05:10:57.436-04:00  INFO 289061 --- [demo] [restartedMain] o.s.b.w.embedded.tomcat.TomcatWebServer  : Tomcat initialized with port 8080 (http)
2026-04-24T05:10:57.466-04:00  INFO 289061 --- [demo] [restartedMain] o.apache.catalina.core.StandardService   : Starting service [Tomcat]
2026-04-24T05:10:57.466-04:00  INFO 289061 --- [demo] [restartedMain] o.apache.catalina.core.StandardEngine    : Starting Servlet engine: [Apache Tomcat/10.1.36]
2026-04-24T05:10:57.544-04:00  INFO 289061 --- [demo] [restartedMain] o.a.c.c.C.[Tomcat].[localhost].[/]       : Initializing Spring embedded WebApplicationContext
2026-04-24T05:10:57.545-04:00  INFO 289061 --- [demo] [restartedMain] w.s.c.ServletWebServerApplicationContext : Root WebApplicationContext: initialization completed in 3945 ms
2026-04-24T05:10:57.888-04:00  INFO 289061 --- [demo] [restartedMain] o.hibernate.jpa.internal.util.LogHelper  : HHH000204: Processing PersistenceUnitInfo [name: default]
2026-04-24T05:10:57.976-04:00  INFO 289061 --- [demo] [restartedMain] org.hibernate.Version                    : HHH000412: Hibernate ORM core version 6.6.8.Final
2026-04-24T05:10:58.037-04:00  INFO 289061 --- [demo] [restartedMain] o.h.c.internal.RegionFactoryInitiator    : HHH000026: Second-level cache disabled
2026-04-24T05:10:58.524-04:00  INFO 289061 --- [demo] [restartedMain] o.s.o.j.p.SpringPersistenceUnitInfo      : No LoadTimeWeaver setup: ignoring JPA class transformer
2026-04-24T05:10:58.574-04:00  INFO 289061 --- [demo] [restartedMain] com.zaxxer.hikari.HikariDataSource       : HikariPool-1 - Starting...
2026-04-24T05:10:59.329-04:00  INFO 289061 --- [demo] [restartedMain] com.zaxxer.hikari.pool.HikariPool        : HikariPool-1 - Added connection com.mysql.cj.jdbc.ConnectionImpl@63c5a23d
2026-04-24T05:10:59.332-04:00  INFO 289061 --- [demo] [restartedMain] com.zaxxer.hikari.HikariDataSource       : HikariPool-1 - Start completed.
2026-04-24T05:10:59.836-04:00  WARN 289061 --- [demo] [restartedMain] o.h.e.j.e.i.JdbcEnvironmentInitiator     : HHH000339: Could not obtain connection metadata: java.sql.SQLSyntaxErrorException: Unknown column 'RESERVED' in 'WHERE'
2026-04-24T05:10:59.863-04:00  WARN 289061 --- [demo] [restartedMain] org.hibernate.orm.deprecation            : HHH90000025: MySQLDialect does not need to be specified explicitly using 'hibernate.dialect' (remove the property setting and it will be selected by default)
2026-04-24T05:10:59.879-04:00  INFO 289061 --- [demo] [restartedMain] org.hibernate.orm.connections.pooling    : HHH10001005: Database info:
	Database JDBC URL [Connecting through datasource 'HikariDataSource (HikariPool-1)']
	Database driver: undefined/unknown
	Database version: 8.0
	Autocommit mode: undefined/unknown
	Isolation level: undefined/unknown
	Minimum pool size: undefined/unknown
	Maximum pool size: undefined/unknown
2026-04-24T05:11:01.476-04:00  INFO 289061 --- [demo] [restartedMain] o.h.e.t.j.p.i.JtaPlatformInitiator       : HHH000489: No JTA platform available (set 'hibernate.transaction.jta.platform' to enable JTA platform integration)
2026-04-24T05:11:02.057-04:00  INFO 289061 --- [demo] [restartedMain] j.LocalContainerEntityManagerFactoryBean : Initialized JPA EntityManagerFactory for persistence unit 'default'
2026-04-24T05:11:02.811-04:00  INFO 289061 --- [demo] [restartedMain] o.s.d.j.r.query.QueryEnhancerFactory     : Hibernate is in classpath; If applicable, HQL parser will be used.
2026-04-24T05:11:04.172-04:00  INFO 289061 --- [demo] [restartedMain] eAuthenticationProviderManagerConfigurer : Global AuthenticationManager configured with AuthenticationProvider bean with name authenticationProvider
2026-04-24T05:11:04.173-04:00  WARN 289061 --- [demo] [restartedMain] r$InitializeUserDetailsManagerConfigurer : Global AuthenticationManager configured with an AuthenticationProvider bean. UserDetailsService beans will not be used by Spring Security for automatically configuring username/password login. Consider removing the AuthenticationProvider bean. Alternatively, consider using the UserDetailsService in a manually instantiated DaoAuthenticationProvider. If the current configuration is intentional, to turn off this warning, increase the logging level of 'org.springframework.security.config.annotation.authentication.configuration.InitializeUserDetailsBeanManagerConfigurer' to ERROR
2026-04-24T05:11:05.358-04:00  WARN 289061 --- [demo] [restartedMain] JpaBaseConfiguration$JpaWebConfiguration : spring.jpa.open-in-view is enabled by default. Therefore, database queries may be performed during view rendering. Explicitly configure spring.jpa.open-in-view to disable this warning
2026-04-24T05:11:06.827-04:00  INFO 289061 --- [demo] [restartedMain] o.s.b.d.a.OptionalLiveReloadServer       : LiveReload server is running on port 35729
2026-04-24T05:11:06.874-04:00  INFO 289061 --- [demo] [restartedMain] o.s.b.w.embedded.tomcat.TomcatWebServer  : Tomcat started on port 8080 (http) with context path '/'
2026-04-24T05:11:07.768-04:00  INFO 289061 --- [demo] [restartedMain] com.example.demo.DemoApplication         : Started DemoApplication in 15.235 seconds (process running for 16.215)
2026-04-24T05:12:15.311-04:00  INFO 289061 --- [demo] [tomcat-handler-0] o.a.c.c.C.[Tomcat].[localhost].[/]       : Initializing Spring DispatcherServlet 'dispatcherServlet'
2026-04-24T05:12:15.313-04:00  INFO 289061 --- [demo] [tomcat-handler-0] o.s.web.servlet.DispatcherServlet        : Initializing Servlet 'dispatcherServlet'
2026-04-24T05:12:15.318-04:00  INFO 289061 --- [demo] [tomcat-handler-0] o.s.web.servlet.DispatcherServlet        : Completed initialization in 4 ms
2026-04-24T05:12:15.891-04:00  WARN 289061 --- [demo] [tomcat-handler-0] .m.m.a.ExceptionHandlerExceptionResolver : Resolved [org.springframework.security.authorization.AuthorizationDeniedException: Access Denied]
2026-04-24T05:13:31.067-04:00  INFO 289061 --- [demo] [tomcat-handler-1] c.example.demo.Aop.GlobalLoggingAspect   : ➔ [EXECUTION START] AuthController.registerUser | Args: [Users(id=null, username=testuser1, email=test@test.com, password=123456, role=null, permission=null, images=null)]
2026-04-24T05:13:31.069-04:00  INFO 289061 --- [demo] [tomcat-handler-1] c.example.demo.Aop.GlobalLoggingAspect   : ➔ [EXECUTION START] AuthService.registerUser | Args: [Users(id=null, username=testuser1, email=test@test.com, password=123456, role=USER, permission=null, images=null)]
2026-04-24T05:13:32.162-04:00  INFO 289061 --- [demo] [tomcat-handler-1] c.example.demo.Aop.GlobalLoggingAspect   : ✓ [EXECUTION END] AuthService.registerUser | Time: 1092ms
2026-04-24T05:13:32.163-04:00  INFO 289061 --- [demo] [tomcat-handler-1] c.example.demo.Aop.GlobalLoggingAspect   : ✓ [EXECUTION END] AuthController.registerUser | Time: 1094ms
2026-04-24T05:13:44.702-04:00  INFO 289061 --- [demo] [SpringApplicationShutdownHook] o.s.b.w.e.tomcat.GracefulShutdown        : Commencing graceful shutdown. Waiting for active requests to complete
2026-04-24T05:13:44.707-04:00  INFO 289061 --- [demo] [tomcat-shutdown] o.s.b.w.e.tomcat.GracefulShutdown        : Graceful shutdown complete
2026-04-24T05:13:44.763-04:00  INFO 289061 --- [demo] [SpringApplicationShutdownHook] j.LocalContainerEntityManagerFactoryBean : Closing JPA EntityManagerFactory for persistence unit 'default'
2026-04-24T05:13:44.775-04:00  INFO 289061 --- [demo] [SpringApplicationShutdownHook] com.zaxxer.hikari.HikariDataSource       : HikariPool-1 - Shutdown initiated...
2026-04-24T05:13:44.795-04:00  INFO 289061 --- [demo] [SpringApplicationShutdownHook] com.zaxxer.hikari.HikariDataSource       : HikariPool-1 - Shutdown completed.
